<?xml version="1.0" encoding="utf-8"?>
<test-run id="2" name="Open-Lab-01.02.dll" fullname="C:/Users/onkom/Documents/openlab/1.0/1.02/Open-Lab-01.02/bin/Debug/netcoreapp3.0/Open-Lab-01.02.dll" testcasecount="441" result="Passed" start-time="2021-09-30 15:56:08Z" end-time="2021-09-30 15:56:08Z" duration="0.575120" total="441" passed="441" failed="0" inconclusive="0" skipped="0" asserts="441" random-seed="742976531">
  <command-line><![CDATA[C:\Users\onkom\Documents\openlab\1.0\1.02\Open-Lab-01.02\bin\Debug\netcoreapp3.0\Open-Lab-01.02.dll]]></command-line>
  <filter />
  <test-suite type="Assembly" id="1443" name="Open-Lab-01.02.dll" fullname="C:/Users/onkom/Documents/openlab/1.0/1.02/Open-Lab-01.02/bin/Debug/netcoreapp3.0/Open-Lab-01.02.dll" runstate="Runnable" testcasecount="441" result="Passed" start-time="2021-09-30 15:56:08Z" end-time="2021-09-30 15:56:08Z" duration="0.575120" total="441" passed="441" failed="0" warnings="0" inconclusive="0" skipped="0" asserts="441">
    <environment framework-version="3.12.0.0" clr-version="3.1.19" os-version="Microsoft Windows 10.0.19042" platform="Win32NT" cwd="C:\Users\onkom\Documents\openlab\1.0\1.02\Open-Lab-01.02\bin\Debug\netcoreapp3.0" machine-name="DESKTOP-7OQAPDJ" user="onkom" user-domain="DESKTOP-7OQAPDJ" culture="en-US" uiculture="en-US" os-architecture="x64" />
    <settings>
      <setting name="WorkDirectory" value="C:\Users\onkom\Documents\openlab\1.0\1.02\Open-Lab-01.02\bin\Debug\netcoreapp3.0" />
      <setting name="NumberOfTestWorkers" value="4" />
    </settings>
    <properties>
      <property name="_PID" value="13656" />
      <property name="_APPDOMAIN" value="Open-Lab-01.02" />
    </properties>
    <test-suite type="TestSuite" id="1444" name="Open_Lab_01" fullname="Open_Lab_01" runstate="Runnable" testcasecount="441" result="Passed" start-time="2021-09-30 15:56:08Z" end-time="2021-09-30 15:56:08Z" duration="0.531881" total="441" passed="441" failed="0" warnings="0" inconclusive="0" skipped="0" asserts="441">
      <test-suite type="TestSuite" id="1445" name="_02" fullname="Open_Lab_01._02" runstate="Runnable" testcasecount="441" result="Passed" start-time="2021-09-30 15:56:08Z" end-time="2021-09-30 15:56:08Z" duration="0.525701" total="441" passed="441" failed="0" warnings="0" inconclusive="0" skipped="0" asserts="441">
        <test-suite type="TestFixture" id="1000" name="Tests" fullname="Open_Lab_01._02.Tests" classname="Open_Lab_01._02.Tests" runstate="Runnable" testcasecount="441" result="Passed" start-time="2021-09-30 15:56:08Z" end-time="2021-09-30 15:56:08Z" duration="0.512593" total="441" passed="441" failed="0" warnings="0" inconclusive="0" skipped="0" asserts="441">
          <test-suite type="ParameterizedMethod" id="1442" name="Sum" fullname="Open_Lab_01._02.Tests.Sum" classname="Open_Lab_01._02.Tests" runstate="Runnable" testcasecount="441" result="Passed" start-time="2021-09-30 15:56:08Z" end-time="2021-09-30 15:56:08Z" duration="0.488244" total="441" passed="441" failed="0" warnings="0" inconclusive="0" skipped="0" asserts="441">
            <test-case id="1001" name="Sum(-10,-10)" fullname="Open_Lab_01._02.Tests.Sum(-10,-10)" methodname="Sum" classname="Open_Lab_01._02.Tests" runstate="Runnable" seed="1489768019" result="Passed" start-time="2021-09-30 15:56:08Z" end-time="2021-09-30 15:56:08Z" duration="0.088235" asserts="1" />
            <test-case id="1002" name="Sum(-10,-9)" fullname="Open_Lab_01._02.Tests.Sum(-10,-9)" methodname="Sum" classname="Open_Lab_01._02.Tests" runstate="Runnable" seed="1212943989" result="Passed" start-time="2021-09-30 15:56:08Z" end-time="2021-09-30 15:56:08Z" duration="0.000250" asserts="1" />
            <test-case id="1003" name="Sum(-10,-8)" fullname="Open_Lab_01._02.Tests.Sum(-10,-8)" methodname="Sum" classname="Open_Lab_01._02.Tests" runstate="Runnable" seed="348951101" result="Passed" start-time="2021-09-30 15:56:08Z" end-time="2021-09-30 15:56:08Z" duration="0.000214" asserts="1" />
            <test-case id="1004" name="Sum(-10,-7)" fullname="Open_Lab_01._02.Tests.Sum(-10,-7)" methodname="Sum" classname="Open_Lab_01._02.Tests" runstate="Runnable" seed="754257265" result="Passed" start-time="2021-09-30 15:56:08Z" end-time="2021-09-30 15:56:08Z" duration="0.000209" asserts="1" />
            <test-case id="1005" name="Sum(-10,-6)" fullname="Open_Lab_01._02.Tests.Sum(-10,-6)" methodname="Sum" classname="Open_Lab_01._02.Tests" runstate="Runnable" seed="1436618223" result="Passed" start-time="2021-09-30 15:56:08Z" end-time="2021-09-30 15:56:08Z" duration="0.000163" asserts="1" />
            <test-case id="1006" name="Sum(-10,-5)" fullname="Open_Lab_01._02.Tests.Sum(-10,-5)" methodname="Sum" classname="Open_Lab_01._02.Tests" runstate="Runnable" seed="126263704" result="Passed" start-time="2021-09-30 15:56:08Z" end-time="2021-09-30 15:56:08Z" duration="0.000138" asserts="1" />
            <test-case id="1007" name="Sum(-10,-4)" fullname="Open_Lab_01._02.Tests.Sum(-10,-4)" methodname="Sum" classname="Open_Lab_01._02.Tests" runstate="Runnable" seed="1334802111" result="Passed" start-time="2021-09-30 15:56:08Z" end-time="2021-09-30 15:56:08Z" duration="0.007055" asserts="1" />
            <test-case id="1008" name="Sum(-10,-3)" fullname="Open_Lab_01._02.Tests.Sum(-10,-3)" methodname="Sum" classname="Open_Lab_01._02.Tests" runstate="Runnable" seed="1839021942" result="Passed" start-time="2021-09-30 15:56:08Z" end-time="2021-09-30 15:56:08Z" duration="0.000168" asserts="1" />
            <test-case id="1009" name="Sum(-10,-2)" fullname="Open_Lab_01._02.Tests.Sum(-10,-2)" methodname="Sum" classname="Open_Lab_01._02.Tests" runstate="Runnable" seed="662725960" result="Passed" start-time="2021-09-30 15:56:08Z" end-time="2021-09-30 15:56:08Z" duration="0.000130" asserts="1" />
            <test-case id="1010" name="Sum(-10,-1)" fullname="Open_Lab_01._02.Tests.Sum(-10,-1)" methodname="Sum" classname="Open_Lab_01._02.Tests" runstate="Runnable" seed="571435551" result="Passed" start-time="2021-09-30 15:56:08Z" end-time="2021-09-30 15:56:08Z" duration="0.000075" asserts="1" />
            <test-case id="1011" name="Sum(-10,0)" fullname="Open_Lab_01._02.Tests.Sum(-10,0)" methodname="Sum" classname="Open_Lab_01._02.Tests" runstate="Runnable" seed="280889140" result="Passed" start-time="2021-09-30 15:56:08Z" end-time="2021-09-30 15:56:08Z" duration="0.000105" asserts="1" />
            <test-case id="1012" name="Sum(-10,1)" fullname="Open_Lab_01._02.Tests.Sum(-10,1)" methodname="Sum" classname="Open_Lab_01._02.Tests" runstate="Runnable" seed="1179243823" result="Passed" start-time="2021-09-30 15:56:08Z" end-time="2021-09-30 15:56:08Z" duration="0.000202" asserts="1" />
            <test-case id="1013" name="Sum(-10,2)" fullname="Open_Lab_01._02.Tests.Sum(-10,2)" methodname="Sum" classname="Open_Lab_01._02.Tests" runstate="Runnable" seed="181044347" result="Passed" start-time="2021-09-30 15:56:08Z" end-time="2021-09-30 15:56:08Z" duration="0.000130" asserts="1" />
            <test-case id="1014" name="Sum(-10,3)" fullname="Open_Lab_01._02.Tests.Sum(-10,3)" methodname="Sum" classname="Open_Lab_01._02.Tests" runstate="Runnable" seed="820225345" result="Passed" start-time="2021-09-30 15:56:08Z" end-time="2021-09-30 15:56:08Z" duration="0.000461" asserts="1" />
            <test-case id="1015" name="Sum(-10,4)" fullname="Open_Lab_01._02.Tests.Sum(-10,4)" methodname="Sum" classname="Open_Lab_01._02.Tests" runstate="Runnable" seed="1389859603" result="Passed" start-time="2021-09-30 15:56:08Z" end-time="2021-09-30 15:56:08Z" duration="0.000187" asserts="1" />
            <test-case id="1016" name="Sum(-10,5)" fullname="Open_Lab_01._02.Tests.Sum(-10,5)" methodname="Sum" classname="Open_Lab_01._02.Tests" runstate="Runnable" seed="1827053004" result="Passed" start-time="2021-09-30 15:56:08Z" end-time="2021-09-30 15:56:08Z" duration="0.000150" asserts="1" />
            <test-case id="1017" name="Sum(-10,6)" fullname="Open_Lab_01._02.Tests.Sum(-10,6)" methodname="Sum" classname="Open_Lab_01._02.Tests" runstate="Runnable" seed="1368078067" result="Passed" start-time="2021-09-30 15:56:08Z" end-time="2021-09-30 15:56:08Z" duration="0.000070" asserts="1" />
            <test-case id="1018" name="Sum(-10,7)" fullname="Open_Lab_01._02.Tests.Sum(-10,7)" methodname="Sum" classname="Open_Lab_01._02.Tests" runstate="Runnable" seed="822124357" result="Passed" start-time="2021-09-30 15:56:08Z" end-time="2021-09-30 15:56:08Z" duration="0.000104" asserts="1" />
            <test-case id="1019" name="Sum(-10,8)" fullname="Open_Lab_01._02.Tests.Sum(-10,8)" methodname="Sum" classname="Open_Lab_01._02.Tests" runstate="Runnable" seed="35065957" result="Passed" start-time="2021-09-30 15:56:08Z" end-time="2021-09-30 15:56:08Z" duration="0.000151" asserts="1" />
            <test-case id="1020" name="Sum(-10,9)" fullname="Open_Lab_01._02.Tests.Sum(-10,9)" methodname="Sum" classname="Open_Lab_01._02.Tests" runstate="Runnable" seed="1427586489" result="Passed" start-time="2021-09-30 15:56:08Z" end-time="2021-09-30 15:56:08Z" duration="0.000080" asserts="1" />
            <test-case id="1021" name="Sum(-10,10)" fullname="Open_Lab_01._02.Tests.Sum(-10,10)" methodname="Sum" classname="Open_Lab_01._02.Tests" runstate="Runnable" seed="765538652" result="Passed" start-time="2021-09-30 15:56:08Z" end-time="2021-09-30 15:56:08Z" duration="0.000139" asserts="1" />
            <test-case id="1022" name="Sum(-9,-10)" fullname="Open_Lab_01._02.Tests.Sum(-9,-10)" methodname="Sum" classname="Open_Lab_01._02.Tests" runstate="Runnable" seed="59248984" result="Passed" start-time="2021-09-30 15:56:08Z" end-time="2021-09-30 15:56:08Z" duration="0.000129" asserts="1" />
            <test-case id="1023" name="Sum(-9,-9)" fullname="Open_Lab_01._02.Tests.Sum(-9,-9)" methodname="Sum" classname="Open_Lab_01._02.Tests" runstate="Runnable" seed="1596506420" result="Passed" start-time="2021-09-30 15:56:08Z" end-time="2021-09-30 15:56:08Z" duration="0.000117" asserts="1" />
            <test-case id="1024" name="Sum(-9,-8)" fullname="Open_Lab_01._02.Tests.Sum(-9,-8)" methodname="Sum" classname="Open_Lab_01._02.Tests" runstate="Runnable" seed="2011609194" result="Passed" start-time="2021-09-30 15:56:08Z" end-time="2021-09-30 15:56:08Z" duration="0.000142" asserts="1" />
            <test-case id="1025" name="Sum(-9,-7)" fullname="Open_Lab_01._02.Tests.Sum(-9,-7)" methodname="Sum" classname="Open_Lab_01._02.Tests" runstate="Runnable" seed="1487082456" result="Passed" start-time="2021-09-30 15:56:08Z" end-time="2021-09-30 15:56:08Z" duration="0.000070" asserts="1" />
            <test-case id="1026" name="Sum(-9,-6)" fullname="Open_Lab_01._02.Tests.Sum(-9,-6)" methodname="Sum" classname="Open_Lab_01._02.Tests" runstate="Runnable" seed="1723629690" result="Passed" start-time="2021-09-30 15:56:08Z" end-time="2021-09-30 15:56:08Z" duration="0.000127" asserts="1" />
            <test-case id="1027" name="Sum(-9,-5)" fullname="Open_Lab_01._02.Tests.Sum(-9,-5)" methodname="Sum" classname="Open_Lab_01._02.Tests" runstate="Runnable" seed="1085227577" result="Passed" start-time="2021-09-30 15:56:08Z" end-time="2021-09-30 15:56:08Z" duration="0.000119" asserts="1" />
            <test-case id="1028" name="Sum(-9,-4)" fullname="Open_Lab_01._02.Tests.Sum(-9,-4)" methodname="Sum" classname="Open_Lab_01._02.Tests" runstate="Runnable" seed="1353456352" result="Passed" start-time="2021-09-30 15:56:08Z" end-time="2021-09-30 15:56:08Z" duration="0.000121" asserts="1" />
            <test-case id="1029" name="Sum(-9,-3)" fullname="Open_Lab_01._02.Tests.Sum(-9,-3)" methodname="Sum" classname="Open_Lab_01._02.Tests" runstate="Runnable" seed="1906410092" result="Passed" start-time="2021-09-30 15:56:08Z" end-time="2021-09-30 15:56:08Z" duration="0.000069" asserts="1" />
            <test-case id="1030" name="Sum(-9,-2)" fullname="Open_Lab_01._02.Tests.Sum(-9,-2)" methodname="Sum" classname="Open_Lab_01._02.Tests" runstate="Runnable" seed="1844221766" result="Passed" start-time="2021-09-30 15:56:08Z" end-time="2021-09-30 15:56:08Z" duration="0.000143" asserts="1" />
            <test-case id="1031" name="Sum(-9,-1)" fullname="Open_Lab_01._02.Tests.Sum(-9,-1)" methodname="Sum" classname="Open_Lab_01._02.Tests" runstate="Runnable" seed="255875821" result="Passed" start-time="2021-09-30 15:56:08Z" end-time="2021-09-30 15:56:08Z" duration="0.000171" asserts="1" />
            <test-case id="1032" name="Sum(-9,0)" fullname="Open_Lab_01._02.Tests.Sum(-9,0)" methodname="Sum" classname="Open_Lab_01._02.Tests" runstate="Runnable" seed="474816561" result="Passed" start-time="2021-09-30 15:56:08Z" end-time="2021-09-30 15:56:08Z" duration="0.000094" asserts="1" />
            <test-case id="1033" name="Sum(-9,1)" fullname="Open_Lab_01._02.Tests.Sum(-9,1)" methodname="Sum" classname="Open_Lab_01._02.Tests" runstate="Runnable" seed="1420731031" result="Passed" start-time="2021-09-30 15:56:08Z" end-time="2021-09-30 15:56:08Z" duration="0.000128" asserts="1" />
            <test-case id="1034" name="Sum(-9,2)" fullname="Open_Lab_01._02.Tests.Sum(-9,2)" methodname="Sum" classname="Open_Lab_01._02.Tests" runstate="Runnable" seed="1619988818" result="Passed" start-time="2021-09-30 15:56:08Z" end-time="2021-09-30 15:56:08Z" duration="0.000118" asserts="1" />
            <test-case id="1035" name="Sum(-9,3)" fullname="Open_Lab_01._02.Tests.Sum(-9,3)" methodname="Sum" classname="Open_Lab_01._02.Tests" runstate="Runnable" seed="188640690" result="Passed" start-time="2021-09-30 15:56:08Z" end-time="2021-09-30 15:56:08Z" duration="0.000096" asserts="1" />
            <test-case id="1036" name="Sum(-9,4)" fullname="Open_Lab_01._02.Tests.Sum(-9,4)" methodname="Sum" classname="Open_Lab_01._02.Tests" runstate="Runnable" seed="1038078099" result="Passed" start-time="2021-09-30 15:56:08Z" end-time="2021-09-30 15:56:08Z" duration="0.000070" asserts="1" />
            <test-case id="1037" name="Sum(-9,5)" fullname="Open_Lab_01._02.Tests.Sum(-9,5)" methodname="Sum" classname="Open_Lab_01._02.Tests" runstate="Runnable" seed="6824388" result="Passed" start-time="2021-09-30 15:56:08Z" end-time="2021-09-30 15:56:08Z" duration="0.000059" asserts="1" />
            <test-case id="1038" name="Sum(-9,6)" fullname="Open_Lab_01._02.Tests.Sum(-9,6)" methodname="Sum" classname="Open_Lab_01._02.Tests" runstate="Runnable" seed="1093180368" result="Passed" start-time="2021-09-30 15:56:08Z" end-time="2021-09-30 15:56:08Z" duration="0.000070" asserts="1" />
            <test-case id="1039" name="Sum(-9,7)" fullname="Open_Lab_01._02.Tests.Sum(-9,7)" methodname="Sum" classname="Open_Lab_01._02.Tests" runstate="Runnable" seed="1380296363" result="Passed" start-time="2021-09-30 15:56:08Z" end-time="2021-09-30 15:56:08Z" duration="0.000071" asserts="1" />
            <test-case id="1040" name="Sum(-9,8)" fullname="Open_Lab_01._02.Tests.Sum(-9,8)" methodname="Sum" classname="Open_Lab_01._02.Tests" runstate="Runnable" seed="1815420797" result="Passed" start-time="2021-09-30 15:56:08Z" end-time="2021-09-30 15:56:08Z" duration="0.000086" asserts="1" />
            <test-case id="1041" name="Sum(-9,9)" fullname="Open_Lab_01._02.Tests.Sum(-9,9)" methodname="Sum" classname="Open_Lab_01._02.Tests" runstate="Runnable" seed="1134872448" result="Passed" start-time="2021-09-30 15:56:08Z" end-time="2021-09-30 15:56:08Z" duration="0.000063" asserts="1" />
            <test-case id="1042" name="Sum(-9,10)" fullname="Open_Lab_01._02.Tests.Sum(-9,10)" methodname="Sum" classname="Open_Lab_01._02.Tests" runstate="Runnable" seed="291215229" result="Passed" start-time="2021-09-30 15:56:08Z" end-time="2021-09-30 15:56:08Z" duration="0.000066" asserts="1" />
            <test-case id="1043" name="Sum(-8,-10)" fullname="Open_Lab_01._02.Tests.Sum(-8,-10)" methodname="Sum" classname="Open_Lab_01._02.Tests" runstate="Runnable" seed="1379814703" result="Passed" start-time="2021-09-30 15:56:08Z" end-time="2021-09-30 15:56:08Z" duration="0.000066" asserts="1" />
            <test-case id="1044" name="Sum(-8,-9)" fullname="Open_Lab_01._02.Tests.Sum(-8,-9)" methodname="Sum" classname="Open_Lab_01._02.Tests" runstate="Runnable" seed="43363742" result="Passed" start-time="2021-09-30 15:56:08Z" end-time="2021-09-30 15:56:08Z" duration="0.000070" asserts="1" />
            <test-case id="1045" name="Sum(-8,-8)" fullname="Open_Lab_01._02.Tests.Sum(-8,-8)" methodname="Sum" classname="Open_Lab_01._02.Tests" runstate="Runnable" seed="2116338823" result="Passed" start-time="2021-09-30 15:56:08Z" end-time="2021-09-30 15:56:08Z" duration="0.000086" asserts="1" />
            <test-case id="1046" name="Sum(-8,-7)" fullname="Open_Lab_01._02.Tests.Sum(-8,-7)" methodname="Sum" classname="Open_Lab_01._02.Tests" runstate="Runnable" seed="958621863" result="Passed" start-time="2021-09-30 15:56:08Z" end-time="2021-09-30 15:56:08Z" duration="0.000165" asserts="1" />
            <test-case id="1047" name="Sum(-8,-6)" fullname="Open_Lab_01._02.Tests.Sum(-8,-6)" methodname="Sum" classname="Open_Lab_01._02.Tests" runstate="Runnable" seed="1615447388" result="Passed" start-time="2021-09-30 15:56:08Z" end-time="2021-09-30 15:56:08Z" duration="0.000082" asserts="1" />
            <test-case id="1048" name="Sum(-8,-5)" fullname="Open_Lab_01._02.Tests.Sum(-8,-5)" methodname="Sum" classname="Open_Lab_01._02.Tests" runstate="Runnable" seed="211416294" result="Passed" start-time="2021-09-30 15:56:08Z" end-time="2021-09-30 15:56:08Z" duration="0.000063" asserts="1" />
            <test-case id="1049" name="Sum(-8,-4)" fullname="Open_Lab_01._02.Tests.Sum(-8,-4)" methodname="Sum" classname="Open_Lab_01._02.Tests" runstate="Runnable" seed="1467615514" result="Passed" start-time="2021-09-30 15:56:08Z" end-time="2021-09-30 15:56:08Z" duration="0.000153" asserts="1" />
            <test-case id="1050" name="Sum(-8,-3)" fullname="Open_Lab_01._02.Tests.Sum(-8,-3)" methodname="Sum" classname="Open_Lab_01._02.Tests" runstate="Runnable" seed="474000222" result="Passed" start-time="2021-09-30 15:56:08Z" end-time="2021-09-30 15:56:08Z" duration="0.001022" asserts="1" />
            <test-case id="1051" name="Sum(-8,-2)" fullname="Open_Lab_01._02.Tests.Sum(-8,-2)" methodname="Sum" classname="Open_Lab_01._02.Tests" runstate="Runnable" seed="475095951" result="Passed" start-time="2021-09-30 15:56:08Z" end-time="2021-09-30 15:56:08Z" duration="0.000145" asserts="1" />
            <test-case id="1052" name="Sum(-8,-1)" fullname="Open_Lab_01._02.Tests.Sum(-8,-1)" methodname="Sum" classname="Open_Lab_01._02.Tests" runstate="Runnable" seed="11162383" result="Passed" start-time="2021-09-30 15:56:08Z" end-time="2021-09-30 15:56:08Z" duration="0.000106" asserts="1" />
            <test-case id="1053" name="Sum(-8,0)" fullname="Open_Lab_01._02.Tests.Sum(-8,0)" methodname="Sum" classname="Open_Lab_01._02.Tests" runstate="Runnable" seed="1895054455" result="Passed" start-time="2021-09-30 15:56:08Z" end-time="2021-09-30 15:56:08Z" duration="0.000153" asserts="1" />
            <test-case id="1054" name="Sum(-8,1)" fullname="Open_Lab_01._02.Tests.Sum(-8,1)" methodname="Sum" classname="Open_Lab_01._02.Tests" runstate="Runnable" seed="351746044" result="Passed" start-time="2021-09-30 15:56:08Z" end-time="2021-09-30 15:56:08Z" duration="0.000063" asserts="1" />
            <test-case id="1055" name="Sum(-8,2)" fullname="Open_Lab_01._02.Tests.Sum(-8,2)" methodname="Sum" classname="Open_Lab_01._02.Tests" runstate="Runnable" seed="705165962" result="Passed" start-time="2021-09-30 15:56:08Z" end-time="2021-09-30 15:56:08Z" duration="0.000081" asserts="1" />
            <test-case id="1056" name="Sum(-8,3)" fullname="Open_Lab_01._02.Tests.Sum(-8,3)" methodname="Sum" classname="Open_Lab_01._02.Tests" runstate="Runnable" seed="1430519035" result="Passed" start-time="2021-09-30 15:56:08Z" end-time="2021-09-30 15:56:08Z" duration="0.000149" asserts="1" />
            <test-case id="1057" name="Sum(-8,4)" fullname="Open_Lab_01._02.Tests.Sum(-8,4)" methodname="Sum" classname="Open_Lab_01._02.Tests" runstate="Runnable" seed="1763921216" result="Passed" start-time="2021-09-30 15:56:08Z" end-time="2021-09-30 15:56:08Z" duration="0.000093" asserts="1" />
            <test-case id="1058" name="Sum(-8,5)" fullname="Open_Lab_01._02.Tests.Sum(-8,5)" methodname="Sum" classname="Open_Lab_01._02.Tests" runstate="Runnable" seed="484825554" result="Passed" start-time="2021-09-30 15:56:08Z" end-time="2021-09-30 15:56:08Z" duration="0.000116" asserts="1" />
            <test-case id="1059" name="Sum(-8,6)" fullname="Open_Lab_01._02.Tests.Sum(-8,6)" methodname="Sum" classname="Open_Lab_01._02.Tests" runstate="Runnable" seed="1414658456" result="Passed" start-time="2021-09-30 15:56:08Z" end-time="2021-09-30 15:56:08Z" duration="0.000064" asserts="1" />
            <test-case id="1060" name="Sum(-8,7)" fullname="Open_Lab_01._02.Tests.Sum(-8,7)" methodname="Sum" classname="Open_Lab_01._02.Tests" runstate="Runnable" seed="1860472180" result="Passed" start-time="2021-09-30 15:56:08Z" end-time="2021-09-30 15:56:08Z" duration="0.000118" asserts="1" />
            <test-case id="1061" name="Sum(-8,8)" fullname="Open_Lab_01._02.Tests.Sum(-8,8)" methodname="Sum" classname="Open_Lab_01._02.Tests" runstate="Runnable" seed="1188519774" result="Passed" start-time="2021-09-30 15:56:08Z" end-time="2021-09-30 15:56:08Z" duration="0.000080" asserts="1" />
            <test-case id="1062" name="Sum(-8,9)" fullname="Open_Lab_01._02.Tests.Sum(-8,9)" methodname="Sum" classname="Open_Lab_01._02.Tests" runstate="Runnable" seed="2128829406" result="Passed" start-time="2021-09-30 15:56:08Z" end-time="2021-09-30 15:56:08Z" duration="0.000184" asserts="1" />
            <test-case id="1063" name="Sum(-8,10)" fullname="Open_Lab_01._02.Tests.Sum(-8,10)" methodname="Sum" classname="Open_Lab_01._02.Tests" runstate="Runnable" seed="2080095497" result="Passed" start-time="2021-09-30 15:56:08Z" end-time="2021-09-30 15:56:08Z" duration="0.000151" asserts="1" />
            <test-case id="1064" name="Sum(-7,-10)" fullname="Open_Lab_01._02.Tests.Sum(-7,-10)" methodname="Sum" classname="Open_Lab_01._02.Tests" runstate="Runnable" seed="965987841" result="Passed" start-time="2021-09-30 15:56:08Z" end-time="2021-09-30 15:56:08Z" duration="0.000158" asserts="1" />
            <test-case id="1065" name="Sum(-7,-9)" fullname="Open_Lab_01._02.Tests.Sum(-7,-9)" methodname="Sum" classname="Open_Lab_01._02.Tests" runstate="Runnable" seed="315559730" result="Passed" start-time="2021-09-30 15:56:08Z" end-time="2021-09-30 15:56:08Z" duration="0.000089" asserts="1" />
            <test-case id="1066" name="Sum(-7,-8)" fullname="Open_Lab_01._02.Tests.Sum(-7,-8)" methodname="Sum" classname="Open_Lab_01._02.Tests" runstate="Runnable" seed="1953556226" result="Passed" start-time="2021-09-30 15:56:08Z" end-time="2021-09-30 15:56:08Z" duration="0.000054" asserts="1" />
            <test-case id="1067" name="Sum(-7,-7)" fullname="Open_Lab_01._02.Tests.Sum(-7,-7)" methodname="Sum" classname="Open_Lab_01._02.Tests" runstate="Runnable" seed="1905996439" result="Passed" start-time="2021-09-30 15:56:08Z" end-time="2021-09-30 15:56:08Z" duration="0.000137" asserts="1" />
            <test-case id="1068" name="Sum(-7,-6)" fullname="Open_Lab_01._02.Tests.Sum(-7,-6)" methodname="Sum" classname="Open_Lab_01._02.Tests" runstate="Runnable" seed="708539176" result="Passed" start-time="2021-09-30 15:56:08Z" end-time="2021-09-30 15:56:08Z" duration="0.000065" asserts="1" />
            <test-case id="1069" name="Sum(-7,-5)" fullname="Open_Lab_01._02.Tests.Sum(-7,-5)" methodname="Sum" classname="Open_Lab_01._02.Tests" runstate="Runnable" seed="631584655" result="Passed" start-time="2021-09-30 15:56:08Z" end-time="2021-09-30 15:56:08Z" duration="0.000144" asserts="1" />
            <test-case id="1070" name="Sum(-7,-4)" fullname="Open_Lab_01._02.Tests.Sum(-7,-4)" methodname="Sum" classname="Open_Lab_01._02.Tests" runstate="Runnable" seed="351781504" result="Passed" start-time="2021-09-30 15:56:08Z" end-time="2021-09-30 15:56:08Z" duration="0.000083" asserts="1" />
            <test-case id="1071" name="Sum(-7,-3)" fullname="Open_Lab_01._02.Tests.Sum(-7,-3)" methodname="Sum" classname="Open_Lab_01._02.Tests" runstate="Runnable" seed="1820228616" result="Passed" start-time="2021-09-30 15:56:08Z" end-time="2021-09-30 15:56:08Z" duration="0.000150" asserts="1" />
            <test-case id="1072" name="Sum(-7,-2)" fullname="Open_Lab_01._02.Tests.Sum(-7,-2)" methodname="Sum" classname="Open_Lab_01._02.Tests" runstate="Runnable" seed="274897699" result="Passed" start-time="2021-09-30 15:56:08Z" end-time="2021-09-30 15:56:08Z" duration="0.000180" asserts="1" />
            <test-case id="1073" name="Sum(-7,-1)" fullname="Open_Lab_01._02.Tests.Sum(-7,-1)" methodname="Sum" classname="Open_Lab_01._02.Tests" runstate="Runnable" seed="1589311641" result="Passed" start-time="2021-09-30 15:56:08Z" end-time="2021-09-30 15:56:08Z" duration="0.000064" asserts="1" />
            <test-case id="1074" name="Sum(-7,0)" fullname="Open_Lab_01._02.Tests.Sum(-7,0)" methodname="Sum" classname="Open_Lab_01._02.Tests" runstate="Runnable" seed="367128807" result="Passed" start-time="2021-09-30 15:56:08Z" end-time="2021-09-30 15:56:08Z" duration="0.000121" asserts="1" />
            <test-case id="1075" name="Sum(-7,1)" fullname="Open_Lab_01._02.Tests.Sum(-7,1)" methodname="Sum" classname="Open_Lab_01._02.Tests" runstate="Runnable" seed="292714041" result="Passed" start-time="2021-09-30 15:56:08Z" end-time="2021-09-30 15:56:08Z" duration="0.000607" asserts="1" />
            <test-case id="1076" name="Sum(-7,2)" fullname="Open_Lab_01._02.Tests.Sum(-7,2)" methodname="Sum" classname="Open_Lab_01._02.Tests" runstate="Runnable" seed="474323423" result="Passed" start-time="2021-09-30 15:56:08Z" end-time="2021-09-30 15:56:08Z" duration="0.000162" asserts="1" />
            <test-case id="1077" name="Sum(-7,3)" fullname="Open_Lab_01._02.Tests.Sum(-7,3)" methodname="Sum" classname="Open_Lab_01._02.Tests" runstate="Runnable" seed="826917928" result="Passed" start-time="2021-09-30 15:56:08Z" end-time="2021-09-30 15:56:08Z" duration="0.000180" asserts="1" />
            <test-case id="1078" name="Sum(-7,4)" fullname="Open_Lab_01._02.Tests.Sum(-7,4)" methodname="Sum" classname="Open_Lab_01._02.Tests" runstate="Runnable" seed="1553142678" result="Passed" start-time="2021-09-30 15:56:08Z" end-time="2021-09-30 15:56:08Z" duration="0.000101" asserts="1" />
            <test-case id="1079" name="Sum(-7,5)" fullname="Open_Lab_01._02.Tests.Sum(-7,5)" methodname="Sum" classname="Open_Lab_01._02.Tests" runstate="Runnable" seed="2042754018" result="Passed" start-time="2021-09-30 15:56:08Z" end-time="2021-09-30 15:56:08Z" duration="0.000091" asserts="1" />
            <test-case id="1080" name="Sum(-7,6)" fullname="Open_Lab_01._02.Tests.Sum(-7,6)" methodname="Sum" classname="Open_Lab_01._02.Tests" runstate="Runnable" seed="528460593" result="Passed" start-time="2021-09-30 15:56:08Z" end-time="2021-09-30 15:56:08Z" duration="0.000120" asserts="1" />
            <test-case id="1081" name="Sum(-7,7)" fullname="Open_Lab_01._02.Tests.Sum(-7,7)" methodname="Sum" classname="Open_Lab_01._02.Tests" runstate="Runnable" seed="108182302" result="Passed" start-time="2021-09-30 15:56:08Z" end-time="2021-09-30 15:56:08Z" duration="0.000096" asserts="1" />
            <test-case id="1082" name="Sum(-7,8)" fullname="Open_Lab_01._02.Tests.Sum(-7,8)" methodname="Sum" classname="Open_Lab_01._02.Tests" runstate="Runnable" seed="873811283" result="Passed" start-time="2021-09-30 15:56:08Z" end-time="2021-09-30 15:56:08Z" duration="0.000178" asserts="1" />
            <test-case id="1083" name="Sum(-7,9)" fullname="Open_Lab_01._02.Tests.Sum(-7,9)" methodname="Sum" classname="Open_Lab_01._02.Tests" runstate="Runnable" seed="2033324485" result="Passed" start-time="2021-09-30 15:56:08Z" end-time="2021-09-30 15:56:08Z" duration="0.000103" asserts="1" />
            <test-case id="1084" name="Sum(-7,10)" fullname="Open_Lab_01._02.Tests.Sum(-7,10)" methodname="Sum" classname="Open_Lab_01._02.Tests" runstate="Runnable" seed="1432409870" result="Passed" start-time="2021-09-30 15:56:08Z" end-time="2021-09-30 15:56:08Z" duration="0.000077" asserts="1" />
            <test-case id="1085" name="Sum(-6,-10)" fullname="Open_Lab_01._02.Tests.Sum(-6,-10)" methodname="Sum" classname="Open_Lab_01._02.Tests" runstate="Runnable" seed="1369125815" result="Passed" start-time="2021-09-30 15:56:08Z" end-time="2021-09-30 15:56:08Z" duration="0.000084" asserts="1" />
            <test-case id="1086" name="Sum(-6,-9)" fullname="Open_Lab_01._02.Tests.Sum(-6,-9)" methodname="Sum" classname="Open_Lab_01._02.Tests" runstate="Runnable" seed="244713438" result="Passed" start-time="2021-09-30 15:56:08Z" end-time="2021-09-30 15:56:08Z" duration="0.000061" asserts="1" />
            <test-case id="1087" name="Sum(-6,-8)" fullname="Open_Lab_01._02.Tests.Sum(-6,-8)" methodname="Sum" classname="Open_Lab_01._02.Tests" runstate="Runnable" seed="727245753" result="Passed" start-time="2021-09-30 15:56:08Z" end-time="2021-09-30 15:56:08Z" duration="0.000171" asserts="1" />
            <test-case id="1088" name="Sum(-6,-7)" fullname="Open_Lab_01._02.Tests.Sum(-6,-7)" methodname="Sum" classname="Open_Lab_01._02.Tests" runstate="Runnable" seed="1068984987" result="Passed" start-time="2021-09-30 15:56:08Z" end-time="2021-09-30 15:56:08Z" duration="0.000133" asserts="1" />
            <test-case id="1089" name="Sum(-6,-6)" fullname="Open_Lab_01._02.Tests.Sum(-6,-6)" methodname="Sum" classname="Open_Lab_01._02.Tests" runstate="Runnable" seed="914822856" result="Passed" start-time="2021-09-30 15:56:08Z" end-time="2021-09-30 15:56:08Z" duration="0.000090" asserts="1" />
            <test-case id="1090" name="Sum(-6,-5)" fullname="Open_Lab_01._02.Tests.Sum(-6,-5)" methodname="Sum" classname="Open_Lab_01._02.Tests" runstate="Runnable" seed="905605302" result="Passed" start-time="2021-09-30 15:56:08Z" end-time="2021-09-30 15:56:08Z" duration="0.000079" asserts="1" />
            <test-case id="1091" name="Sum(-6,-4)" fullname="Open_Lab_01._02.Tests.Sum(-6,-4)" methodname="Sum" classname="Open_Lab_01._02.Tests" runstate="Runnable" seed="1421640530" result="Passed" start-time="2021-09-30 15:56:08Z" end-time="2021-09-30 15:56:08Z" duration="0.000173" asserts="1" />
            <test-case id="1092" name="Sum(-6,-3)" fullname="Open_Lab_01._02.Tests.Sum(-6,-3)" methodname="Sum" classname="Open_Lab_01._02.Tests" runstate="Runnable" seed="1669482481" result="Passed" start-time="2021-09-30 15:56:08Z" end-time="2021-09-30 15:56:08Z" duration="0.000117" asserts="1" />
            <test-case id="1093" name="Sum(-6,-2)" fullname="Open_Lab_01._02.Tests.Sum(-6,-2)" methodname="Sum" classname="Open_Lab_01._02.Tests" runstate="Runnable" seed="1826005559" result="Passed" start-time="2021-09-30 15:56:08Z" end-time="2021-09-30 15:56:08Z" duration="0.000159" asserts="1" />
            <test-case id="1094" name="Sum(-6,-1)" fullname="Open_Lab_01._02.Tests.Sum(-6,-1)" methodname="Sum" classname="Open_Lab_01._02.Tests" runstate="Runnable" seed="1667307830" result="Passed" start-time="2021-09-30 15:56:08Z" end-time="2021-09-30 15:56:08Z" duration="0.000160" asserts="1" />
            <test-case id="1095" name="Sum(-6,0)" fullname="Open_Lab_01._02.Tests.Sum(-6,0)" methodname="Sum" classname="Open_Lab_01._02.Tests" runstate="Runnable" seed="626901023" result="Passed" start-time="2021-09-30 15:56:08Z" end-time="2021-09-30 15:56:08Z" duration="0.000167" asserts="1" />
            <test-case id="1096" name="Sum(-6,1)" fullname="Open_Lab_01._02.Tests.Sum(-6,1)" methodname="Sum" classname="Open_Lab_01._02.Tests" runstate="Runnable" seed="1153526689" result="Passed" start-time="2021-09-30 15:56:08Z" end-time="2021-09-30 15:56:08Z" duration="0.000093" asserts="1" />
            <test-case id="1097" name="Sum(-6,2)" fullname="Open_Lab_01._02.Tests.Sum(-6,2)" methodname="Sum" classname="Open_Lab_01._02.Tests" runstate="Runnable" seed="358603379" result="Passed" start-time="2021-09-30 15:56:08Z" end-time="2021-09-30 15:56:08Z" duration="0.000105" asserts="1" />
            <test-case id="1098" name="Sum(-6,3)" fullname="Open_Lab_01._02.Tests.Sum(-6,3)" methodname="Sum" classname="Open_Lab_01._02.Tests" runstate="Runnable" seed="413826862" result="Passed" start-time="2021-09-30 15:56:08Z" end-time="2021-09-30 15:56:08Z" duration="0.000093" asserts="1" />
            <test-case id="1099" name="Sum(-6,4)" fullname="Open_Lab_01._02.Tests.Sum(-6,4)" methodname="Sum" classname="Open_Lab_01._02.Tests" runstate="Runnable" seed="1875287659" result="Passed" start-time="2021-09-30 15:56:08Z" end-time="2021-09-30 15:56:08Z" duration="0.000114" asserts="1" />
            <test-case id="1100" name="Sum(-6,5)" fullname="Open_Lab_01._02.Tests.Sum(-6,5)" methodname="Sum" classname="Open_Lab_01._02.Tests" runstate="Runnable" seed="162782597" result="Passed" start-time="2021-09-30 15:56:08Z" end-time="2021-09-30 15:56:08Z" duration="0.001442" asserts="1" />
            <test-case id="1101" name="Sum(-6,6)" fullname="Open_Lab_01._02.Tests.Sum(-6,6)" methodname="Sum" classname="Open_Lab_01._02.Tests" runstate="Runnable" seed="1200109071" result="Passed" start-time="2021-09-30 15:56:08Z" end-time="2021-09-30 15:56:08Z" duration="0.000187" asserts="1" />
            <test-case id="1102" name="Sum(-6,7)" fullname="Open_Lab_01._02.Tests.Sum(-6,7)" methodname="Sum" classname="Open_Lab_01._02.Tests" runstate="Runnable" seed="906908212" result="Passed" start-time="2021-09-30 15:56:08Z" end-time="2021-09-30 15:56:08Z" duration="0.000088" asserts="1" />
            <test-case id="1103" name="Sum(-6,8)" fullname="Open_Lab_01._02.Tests.Sum(-6,8)" methodname="Sum" classname="Open_Lab_01._02.Tests" runstate="Runnable" seed="1727315286" result="Passed" start-time="2021-09-30 15:56:08Z" end-time="2021-09-30 15:56:08Z" duration="0.000063" asserts="1" />
            <test-case id="1104" name="Sum(-6,9)" fullname="Open_Lab_01._02.Tests.Sum(-6,9)" methodname="Sum" classname="Open_Lab_01._02.Tests" runstate="Runnable" seed="1115834010" result="Passed" start-time="2021-09-30 15:56:08Z" end-time="2021-09-30 15:56:08Z" duration="0.000843" asserts="1" />
            <test-case id="1105" name="Sum(-6,10)" fullname="Open_Lab_01._02.Tests.Sum(-6,10)" methodname="Sum" classname="Open_Lab_01._02.Tests" runstate="Runnable" seed="801255253" result="Passed" start-time="2021-09-30 15:56:08Z" end-time="2021-09-30 15:56:08Z" duration="0.000167" asserts="1" />
            <test-case id="1106" name="Sum(-5,-10)" fullname="Open_Lab_01._02.Tests.Sum(-5,-10)" methodname="Sum" classname="Open_Lab_01._02.Tests" runstate="Runnable" seed="200198252" result="Passed" start-time="2021-09-30 15:56:08Z" end-time="2021-09-30 15:56:08Z" duration="0.000188" asserts="1" />
            <test-case id="1107" name="Sum(-5,-9)" fullname="Open_Lab_01._02.Tests.Sum(-5,-9)" methodname="Sum" classname="Open_Lab_01._02.Tests" runstate="Runnable" seed="569334389" result="Passed" start-time="2021-09-30 15:56:08Z" end-time="2021-09-30 15:56:08Z" duration="0.000161" asserts="1" />
            <test-case id="1108" name="Sum(-5,-8)" fullname="Open_Lab_01._02.Tests.Sum(-5,-8)" methodname="Sum" classname="Open_Lab_01._02.Tests" runstate="Runnable" seed="1527925648" result="Passed" start-time="2021-09-30 15:56:08Z" end-time="2021-09-30 15:56:08Z" duration="0.000134" asserts="1" />
            <test-case id="1109" name="Sum(-5,-7)" fullname="Open_Lab_01._02.Tests.Sum(-5,-7)" methodname="Sum" classname="Open_Lab_01._02.Tests" runstate="Runnable" seed="59032003" result="Passed" start-time="2021-09-30 15:56:08Z" end-time="2021-09-30 15:56:08Z" duration="0.000139" asserts="1" />
            <test-case id="1110" name="Sum(-5,-6)" fullname="Open_Lab_01._02.Tests.Sum(-5,-6)" methodname="Sum" classname="Open_Lab_01._02.Tests" runstate="Runnable" seed="230842539" result="Passed" start-time="2021-09-30 15:56:08Z" end-time="2021-09-30 15:56:08Z" duration="0.000095" asserts="1" />
            <test-case id="1111" name="Sum(-5,-5)" fullname="Open_Lab_01._02.Tests.Sum(-5,-5)" methodname="Sum" classname="Open_Lab_01._02.Tests" runstate="Runnable" seed="603601107" result="Passed" start-time="2021-09-30 15:56:08Z" end-time="2021-09-30 15:56:08Z" duration="0.000107" asserts="1" />
            <test-case id="1112" name="Sum(-5,-4)" fullname="Open_Lab_01._02.Tests.Sum(-5,-4)" methodname="Sum" classname="Open_Lab_01._02.Tests" runstate="Runnable" seed="210778538" result="Passed" start-time="2021-09-30 15:56:08Z" end-time="2021-09-30 15:56:08Z" duration="0.000073" asserts="1" />
            <test-case id="1113" name="Sum(-5,-3)" fullname="Open_Lab_01._02.Tests.Sum(-5,-3)" methodname="Sum" classname="Open_Lab_01._02.Tests" runstate="Runnable" seed="589555183" result="Passed" start-time="2021-09-30 15:56:08Z" end-time="2021-09-30 15:56:08Z" duration="0.000059" asserts="1" />
            <test-case id="1114" name="Sum(-5,-2)" fullname="Open_Lab_01._02.Tests.Sum(-5,-2)" methodname="Sum" classname="Open_Lab_01._02.Tests" runstate="Runnable" seed="886197863" result="Passed" start-time="2021-09-30 15:56:08Z" end-time="2021-09-30 15:56:08Z" duration="0.000169" asserts="1" />
            <test-case id="1115" name="Sum(-5,-1)" fullname="Open_Lab_01._02.Tests.Sum(-5,-1)" methodname="Sum" classname="Open_Lab_01._02.Tests" runstate="Runnable" seed="1752289878" result="Passed" start-time="2021-09-30 15:56:08Z" end-time="2021-09-30 15:56:08Z" duration="0.000068" asserts="1" />
            <test-case id="1116" name="Sum(-5,0)" fullname="Open_Lab_01._02.Tests.Sum(-5,0)" methodname="Sum" classname="Open_Lab_01._02.Tests" runstate="Runnable" seed="314708491" result="Passed" start-time="2021-09-30 15:56:08Z" end-time="2021-09-30 15:56:08Z" duration="0.000139" asserts="1" />
            <test-case id="1117" name="Sum(-5,1)" fullname="Open_Lab_01._02.Tests.Sum(-5,1)" methodname="Sum" classname="Open_Lab_01._02.Tests" runstate="Runnable" seed="95504921" result="Passed" start-time="2021-09-30 15:56:08Z" end-time="2021-09-30 15:56:08Z" duration="0.000069" asserts="1" />
            <test-case id="1118" name="Sum(-5,2)" fullname="Open_Lab_01._02.Tests.Sum(-5,2)" methodname="Sum" classname="Open_Lab_01._02.Tests" runstate="Runnable" seed="647685627" result="Passed" start-time="2021-09-30 15:56:08Z" end-time="2021-09-30 15:56:08Z" duration="0.000086" asserts="1" />
            <test-case id="1119" name="Sum(-5,3)" fullname="Open_Lab_01._02.Tests.Sum(-5,3)" methodname="Sum" classname="Open_Lab_01._02.Tests" runstate="Runnable" seed="1744345673" result="Passed" start-time="2021-09-30 15:56:08Z" end-time="2021-09-30 15:56:08Z" duration="0.000151" asserts="1" />
            <test-case id="1120" name="Sum(-5,4)" fullname="Open_Lab_01._02.Tests.Sum(-5,4)" methodname="Sum" classname="Open_Lab_01._02.Tests" runstate="Runnable" seed="70846292" result="Passed" start-time="2021-09-30 15:56:08Z" end-time="2021-09-30 15:56:08Z" duration="0.000061" asserts="1" />
            <test-case id="1121" name="Sum(-5,5)" fullname="Open_Lab_01._02.Tests.Sum(-5,5)" methodname="Sum" classname="Open_Lab_01._02.Tests" runstate="Runnable" seed="1226310473" result="Passed" start-time="2021-09-30 15:56:08Z" end-time="2021-09-30 15:56:08Z" duration="0.000074" asserts="1" />
            <test-case id="1122" name="Sum(-5,6)" fullname="Open_Lab_01._02.Tests.Sum(-5,6)" methodname="Sum" classname="Open_Lab_01._02.Tests" runstate="Runnable" seed="837011452" result="Passed" start-time="2021-09-30 15:56:08Z" end-time="2021-09-30 15:56:08Z" duration="0.000147" asserts="1" />
            <test-case id="1123" name="Sum(-5,7)" fullname="Open_Lab_01._02.Tests.Sum(-5,7)" methodname="Sum" classname="Open_Lab_01._02.Tests" runstate="Runnable" seed="1941199967" result="Passed" start-time="2021-09-30 15:56:08Z" end-time="2021-09-30 15:56:08Z" duration="0.000070" asserts="1" />
            <test-case id="1124" name="Sum(-5,8)" fullname="Open_Lab_01._02.Tests.Sum(-5,8)" methodname="Sum" classname="Open_Lab_01._02.Tests" runstate="Runnable" seed="1873463000" result="Passed" start-time="2021-09-30 15:56:08Z" end-time="2021-09-30 15:56:08Z" duration="0.000156" asserts="1" />
            <test-case id="1125" name="Sum(-5,9)" fullname="Open_Lab_01._02.Tests.Sum(-5,9)" methodname="Sum" classname="Open_Lab_01._02.Tests" runstate="Runnable" seed="1077624621" result="Passed" start-time="2021-09-30 15:56:08Z" end-time="2021-09-30 15:56:08Z" duration="0.000090" asserts="1" />
            <test-case id="1126" name="Sum(-5,10)" fullname="Open_Lab_01._02.Tests.Sum(-5,10)" methodname="Sum" classname="Open_Lab_01._02.Tests" runstate="Runnable" seed="150746135" result="Passed" start-time="2021-09-30 15:56:08Z" end-time="2021-09-30 15:56:08Z" duration="0.000093" asserts="1" />
            <test-case id="1127" name="Sum(-4,-10)" fullname="Open_Lab_01._02.Tests.Sum(-4,-10)" methodname="Sum" classname="Open_Lab_01._02.Tests" runstate="Runnable" seed="596375787" result="Passed" start-time="2021-09-30 15:56:08Z" end-time="2021-09-30 15:56:08Z" duration="0.000090" asserts="1" />
            <test-case id="1128" name="Sum(-4,-9)" fullname="Open_Lab_01._02.Tests.Sum(-4,-9)" methodname="Sum" classname="Open_Lab_01._02.Tests" runstate="Runnable" seed="2069487458" result="Passed" start-time="2021-09-30 15:56:08Z" end-time="2021-09-30 15:56:08Z" duration="0.000078" asserts="1" />
            <test-case id="1129" name="Sum(-4,-8)" fullname="Open_Lab_01._02.Tests.Sum(-4,-8)" methodname="Sum" classname="Open_Lab_01._02.Tests" runstate="Runnable" seed="1887711431" result="Passed" start-time="2021-09-30 15:56:08Z" end-time="2021-09-30 15:56:08Z" duration="0.000103" asserts="1" />
            <test-case id="1130" name="Sum(-4,-7)" fullname="Open_Lab_01._02.Tests.Sum(-4,-7)" methodname="Sum" classname="Open_Lab_01._02.Tests" runstate="Runnable" seed="1286670999" result="Passed" start-time="2021-09-30 15:56:08Z" end-time="2021-09-30 15:56:08Z" duration="0.000093" asserts="1" />
            <test-case id="1131" name="Sum(-4,-6)" fullname="Open_Lab_01._02.Tests.Sum(-4,-6)" methodname="Sum" classname="Open_Lab_01._02.Tests" runstate="Runnable" seed="115720044" result="Passed" start-time="2021-09-30 15:56:08Z" end-time="2021-09-30 15:56:08Z" duration="0.000120" asserts="1" />
            <test-case id="1132" name="Sum(-4,-5)" fullname="Open_Lab_01._02.Tests.Sum(-4,-5)" methodname="Sum" classname="Open_Lab_01._02.Tests" runstate="Runnable" seed="413091066" result="Passed" start-time="2021-09-30 15:56:08Z" end-time="2021-09-30 15:56:08Z" duration="0.000092" asserts="1" />
            <test-case id="1133" name="Sum(-4,-4)" fullname="Open_Lab_01._02.Tests.Sum(-4,-4)" methodname="Sum" classname="Open_Lab_01._02.Tests" runstate="Runnable" seed="1825338666" result="Passed" start-time="2021-09-30 15:56:08Z" end-time="2021-09-30 15:56:08Z" duration="0.000078" asserts="1" />
            <test-case id="1134" name="Sum(-4,-3)" fullname="Open_Lab_01._02.Tests.Sum(-4,-3)" methodname="Sum" classname="Open_Lab_01._02.Tests" runstate="Runnable" seed="1879971421" result="Passed" start-time="2021-09-30 15:56:08Z" end-time="2021-09-30 15:56:08Z" duration="0.000100" asserts="1" />
            <test-case id="1135" name="Sum(-4,-2)" fullname="Open_Lab_01._02.Tests.Sum(-4,-2)" methodname="Sum" classname="Open_Lab_01._02.Tests" runstate="Runnable" seed="1475835169" result="Passed" start-time="2021-09-30 15:56:08Z" end-time="2021-09-30 15:56:08Z" duration="0.000078" asserts="1" />
            <test-case id="1136" name="Sum(-4,-1)" fullname="Open_Lab_01._02.Tests.Sum(-4,-1)" methodname="Sum" classname="Open_Lab_01._02.Tests" runstate="Runnable" seed="1348757737" result="Passed" start-time="2021-09-30 15:56:08Z" end-time="2021-09-30 15:56:08Z" duration="0.000101" asserts="1" />
            <test-case id="1137" name="Sum(-4,0)" fullname="Open_Lab_01._02.Tests.Sum(-4,0)" methodname="Sum" classname="Open_Lab_01._02.Tests" runstate="Runnable" seed="1293979644" result="Passed" start-time="2021-09-30 15:56:08Z" end-time="2021-09-30 15:56:08Z" duration="0.000162" asserts="1" />
            <test-case id="1138" name="Sum(-4,1)" fullname="Open_Lab_01._02.Tests.Sum(-4,1)" methodname="Sum" classname="Open_Lab_01._02.Tests" runstate="Runnable" seed="917490475" result="Passed" start-time="2021-09-30 15:56:08Z" end-time="2021-09-30 15:56:08Z" duration="0.000164" asserts="1" />
            <test-case id="1139" name="Sum(-4,2)" fullname="Open_Lab_01._02.Tests.Sum(-4,2)" methodname="Sum" classname="Open_Lab_01._02.Tests" runstate="Runnable" seed="631154617" result="Passed" start-time="2021-09-30 15:56:08Z" end-time="2021-09-30 15:56:08Z" duration="0.000080" asserts="1" />
            <test-case id="1140" name="Sum(-4,3)" fullname="Open_Lab_01._02.Tests.Sum(-4,3)" methodname="Sum" classname="Open_Lab_01._02.Tests" runstate="Runnable" seed="1168927563" result="Passed" start-time="2021-09-30 15:56:08Z" end-time="2021-09-30 15:56:08Z" duration="0.000083" asserts="1" />
            <test-case id="1141" name="Sum(-4,4)" fullname="Open_Lab_01._02.Tests.Sum(-4,4)" methodname="Sum" classname="Open_Lab_01._02.Tests" runstate="Runnable" seed="1822862696" result="Passed" start-time="2021-09-30 15:56:08Z" end-time="2021-09-30 15:56:08Z" duration="0.000078" asserts="1" />
            <test-case id="1142" name="Sum(-4,5)" fullname="Open_Lab_01._02.Tests.Sum(-4,5)" methodname="Sum" classname="Open_Lab_01._02.Tests" runstate="Runnable" seed="1346803752" result="Passed" start-time="2021-09-30 15:56:08Z" end-time="2021-09-30 15:56:08Z" duration="0.000072" asserts="1" />
            <test-case id="1143" name="Sum(-4,6)" fullname="Open_Lab_01._02.Tests.Sum(-4,6)" methodname="Sum" classname="Open_Lab_01._02.Tests" runstate="Runnable" seed="1009952984" result="Passed" start-time="2021-09-30 15:56:08Z" end-time="2021-09-30 15:56:08Z" duration="0.000062" asserts="1" />
            <test-case id="1144" name="Sum(-4,7)" fullname="Open_Lab_01._02.Tests.Sum(-4,7)" methodname="Sum" classname="Open_Lab_01._02.Tests" runstate="Runnable" seed="683980317" result="Passed" start-time="2021-09-30 15:56:08Z" end-time="2021-09-30 15:56:08Z" duration="0.000074" asserts="1" />
            <test-case id="1145" name="Sum(-4,8)" fullname="Open_Lab_01._02.Tests.Sum(-4,8)" methodname="Sum" classname="Open_Lab_01._02.Tests" runstate="Runnable" seed="302004195" result="Passed" start-time="2021-09-30 15:56:08Z" end-time="2021-09-30 15:56:08Z" duration="0.000090" asserts="1" />
            <test-case id="1146" name="Sum(-4,9)" fullname="Open_Lab_01._02.Tests.Sum(-4,9)" methodname="Sum" classname="Open_Lab_01._02.Tests" runstate="Runnable" seed="1210861992" result="Passed" start-time="2021-09-30 15:56:08Z" end-time="2021-09-30 15:56:08Z" duration="0.000181" asserts="1" />
            <test-case id="1147" name="Sum(-4,10)" fullname="Open_Lab_01._02.Tests.Sum(-4,10)" methodname="Sum" classname="Open_Lab_01._02.Tests" runstate="Runnable" seed="1079927298" result="Passed" start-time="2021-09-30 15:56:08Z" end-time="2021-09-30 15:56:08Z" duration="0.000150" asserts="1" />
            <test-case id="1148" name="Sum(-3,-10)" fullname="Open_Lab_01._02.Tests.Sum(-3,-10)" methodname="Sum" classname="Open_Lab_01._02.Tests" runstate="Runnable" seed="939807696" result="Passed" start-time="2021-09-30 15:56:08Z" end-time="2021-09-30 15:56:08Z" duration="0.000155" asserts="1" />
            <test-case id="1149" name="Sum(-3,-9)" fullname="Open_Lab_01._02.Tests.Sum(-3,-9)" methodname="Sum" classname="Open_Lab_01._02.Tests" runstate="Runnable" seed="2062501599" result="Passed" start-time="2021-09-30 15:56:08Z" end-time="2021-09-30 15:56:08Z" duration="0.000144" asserts="1" />
            <test-case id="1150" name="Sum(-3,-8)" fullname="Open_Lab_01._02.Tests.Sum(-3,-8)" methodname="Sum" classname="Open_Lab_01._02.Tests" runstate="Runnable" seed="312192532" result="Passed" start-time="2021-09-30 15:56:08Z" end-time="2021-09-30 15:56:08Z" duration="0.002022" asserts="1" />
            <test-case id="1151" name="Sum(-3,-7)" fullname="Open_Lab_01._02.Tests.Sum(-3,-7)" methodname="Sum" classname="Open_Lab_01._02.Tests" runstate="Runnable" seed="1058021768" result="Passed" start-time="2021-09-30 15:56:08Z" end-time="2021-09-30 15:56:08Z" duration="0.000201" asserts="1" />
            <test-case id="1152" name="Sum(-3,-6)" fullname="Open_Lab_01._02.Tests.Sum(-3,-6)" methodname="Sum" classname="Open_Lab_01._02.Tests" runstate="Runnable" seed="1858401399" result="Passed" start-time="2021-09-30 15:56:08Z" end-time="2021-09-30 15:56:08Z" duration="0.001152" asserts="1" />
            <test-case id="1153" name="Sum(-3,-5)" fullname="Open_Lab_01._02.Tests.Sum(-3,-5)" methodname="Sum" classname="Open_Lab_01._02.Tests" runstate="Runnable" seed="816964836" result="Passed" start-time="2021-09-30 15:56:08Z" end-time="2021-09-30 15:56:08Z" duration="0.001030" asserts="1" />
            <test-case id="1154" name="Sum(-3,-4)" fullname="Open_Lab_01._02.Tests.Sum(-3,-4)" methodname="Sum" classname="Open_Lab_01._02.Tests" runstate="Runnable" seed="1804441367" result="Passed" start-time="2021-09-30 15:56:08Z" end-time="2021-09-30 15:56:08Z" duration="0.001000" asserts="1" />
            <test-case id="1155" name="Sum(-3,-3)" fullname="Open_Lab_01._02.Tests.Sum(-3,-3)" methodname="Sum" classname="Open_Lab_01._02.Tests" runstate="Runnable" seed="1083955771" result="Passed" start-time="2021-09-30 15:56:08Z" end-time="2021-09-30 15:56:08Z" duration="0.001039" asserts="1" />
            <test-case id="1156" name="Sum(-3,-2)" fullname="Open_Lab_01._02.Tests.Sum(-3,-2)" methodname="Sum" classname="Open_Lab_01._02.Tests" runstate="Runnable" seed="363097619" result="Passed" start-time="2021-09-30 15:56:08Z" end-time="2021-09-30 15:56:08Z" duration="0.000276" asserts="1" />
            <test-case id="1157" name="Sum(-3,-1)" fullname="Open_Lab_01._02.Tests.Sum(-3,-1)" methodname="Sum" classname="Open_Lab_01._02.Tests" runstate="Runnable" seed="1113191892" result="Passed" start-time="2021-09-30 15:56:08Z" end-time="2021-09-30 15:56:08Z" duration="0.000111" asserts="1" />
            <test-case id="1158" name="Sum(-3,0)" fullname="Open_Lab_01._02.Tests.Sum(-3,0)" methodname="Sum" classname="Open_Lab_01._02.Tests" runstate="Runnable" seed="2001335933" result="Passed" start-time="2021-09-30 15:56:08Z" end-time="2021-09-30 15:56:08Z" duration="0.000084" asserts="1" />
            <test-case id="1159" name="Sum(-3,1)" fullname="Open_Lab_01._02.Tests.Sum(-3,1)" methodname="Sum" classname="Open_Lab_01._02.Tests" runstate="Runnable" seed="38209389" result="Passed" start-time="2021-09-30 15:56:08Z" end-time="2021-09-30 15:56:08Z" duration="0.000082" asserts="1" />
            <test-case id="1160" name="Sum(-3,2)" fullname="Open_Lab_01._02.Tests.Sum(-3,2)" methodname="Sum" classname="Open_Lab_01._02.Tests" runstate="Runnable" seed="650509118" result="Passed" start-time="2021-09-30 15:56:08Z" end-time="2021-09-30 15:56:08Z" duration="0.000069" asserts="1" />
            <test-case id="1161" name="Sum(-3,3)" fullname="Open_Lab_01._02.Tests.Sum(-3,3)" methodname="Sum" classname="Open_Lab_01._02.Tests" runstate="Runnable" seed="1751306112" result="Passed" start-time="2021-09-30 15:56:08Z" end-time="2021-09-30 15:56:08Z" duration="0.000093" asserts="1" />
            <test-case id="1162" name="Sum(-3,4)" fullname="Open_Lab_01._02.Tests.Sum(-3,4)" methodname="Sum" classname="Open_Lab_01._02.Tests" runstate="Runnable" seed="647330578" result="Passed" start-time="2021-09-30 15:56:08Z" end-time="2021-09-30 15:56:08Z" duration="0.000066" asserts="1" />
            <test-case id="1163" name="Sum(-3,5)" fullname="Open_Lab_01._02.Tests.Sum(-3,5)" methodname="Sum" classname="Open_Lab_01._02.Tests" runstate="Runnable" seed="1787697864" result="Passed" start-time="2021-09-30 15:56:08Z" end-time="2021-09-30 15:56:08Z" duration="0.000091" asserts="1" />
            <test-case id="1164" name="Sum(-3,6)" fullname="Open_Lab_01._02.Tests.Sum(-3,6)" methodname="Sum" classname="Open_Lab_01._02.Tests" runstate="Runnable" seed="919844651" result="Passed" start-time="2021-09-30 15:56:08Z" end-time="2021-09-30 15:56:08Z" duration="0.000082" asserts="1" />
            <test-case id="1165" name="Sum(-3,7)" fullname="Open_Lab_01._02.Tests.Sum(-3,7)" methodname="Sum" classname="Open_Lab_01._02.Tests" runstate="Runnable" seed="115122495" result="Passed" start-time="2021-09-30 15:56:08Z" end-time="2021-09-30 15:56:08Z" duration="0.000074" asserts="1" />
            <test-case id="1166" name="Sum(-3,8)" fullname="Open_Lab_01._02.Tests.Sum(-3,8)" methodname="Sum" classname="Open_Lab_01._02.Tests" runstate="Runnable" seed="190510041" result="Passed" start-time="2021-09-30 15:56:08Z" end-time="2021-09-30 15:56:08Z" duration="0.000114" asserts="1" />
            <test-case id="1167" name="Sum(-3,9)" fullname="Open_Lab_01._02.Tests.Sum(-3,9)" methodname="Sum" classname="Open_Lab_01._02.Tests" runstate="Runnable" seed="532923519" result="Passed" start-time="2021-09-30 15:56:08Z" end-time="2021-09-30 15:56:08Z" duration="0.000084" asserts="1" />
            <test-case id="1168" name="Sum(-3,10)" fullname="Open_Lab_01._02.Tests.Sum(-3,10)" methodname="Sum" classname="Open_Lab_01._02.Tests" runstate="Runnable" seed="857067409" result="Passed" start-time="2021-09-30 15:56:08Z" end-time="2021-09-30 15:56:08Z" duration="0.000095" asserts="1" />
            <test-case id="1169" name="Sum(-2,-10)" fullname="Open_Lab_01._02.Tests.Sum(-2,-10)" methodname="Sum" classname="Open_Lab_01._02.Tests" runstate="Runnable" seed="1557846341" result="Passed" start-time="2021-09-30 15:56:08Z" end-time="2021-09-30 15:56:08Z" duration="0.000084" asserts="1" />
            <test-case id="1170" name="Sum(-2,-9)" fullname="Open_Lab_01._02.Tests.Sum(-2,-9)" methodname="Sum" classname="Open_Lab_01._02.Tests" runstate="Runnable" seed="403532141" result="Passed" start-time="2021-09-30 15:56:08Z" end-time="2021-09-30 15:56:08Z" duration="0.000071" asserts="1" />
            <test-case id="1171" name="Sum(-2,-8)" fullname="Open_Lab_01._02.Tests.Sum(-2,-8)" methodname="Sum" classname="Open_Lab_01._02.Tests" runstate="Runnable" seed="1168212494" result="Passed" start-time="2021-09-30 15:56:08Z" end-time="2021-09-30 15:56:08Z" duration="0.000114" asserts="1" />
            <test-case id="1172" name="Sum(-2,-7)" fullname="Open_Lab_01._02.Tests.Sum(-2,-7)" methodname="Sum" classname="Open_Lab_01._02.Tests" runstate="Runnable" seed="1325498093" result="Passed" start-time="2021-09-30 15:56:08Z" end-time="2021-09-30 15:56:08Z" duration="0.000077" asserts="1" />
            <test-case id="1173" name="Sum(-2,-6)" fullname="Open_Lab_01._02.Tests.Sum(-2,-6)" methodname="Sum" classname="Open_Lab_01._02.Tests" runstate="Runnable" seed="16531010" result="Passed" start-time="2021-09-30 15:56:08Z" end-time="2021-09-30 15:56:08Z" duration="0.000087" asserts="1" />
            <test-case id="1174" name="Sum(-2,-5)" fullname="Open_Lab_01._02.Tests.Sum(-2,-5)" methodname="Sum" classname="Open_Lab_01._02.Tests" runstate="Runnable" seed="575418110" result="Passed" start-time="2021-09-30 15:56:08Z" end-time="2021-09-30 15:56:08Z" duration="0.000076" asserts="1" />
            <test-case id="1175" name="Sum(-2,-4)" fullname="Open_Lab_01._02.Tests.Sum(-2,-4)" methodname="Sum" classname="Open_Lab_01._02.Tests" runstate="Runnable" seed="395467243" result="Passed" start-time="2021-09-30 15:56:08Z" end-time="2021-09-30 15:56:08Z" duration="0.000069" asserts="1" />
            <test-case id="1176" name="Sum(-2,-3)" fullname="Open_Lab_01._02.Tests.Sum(-2,-3)" methodname="Sum" classname="Open_Lab_01._02.Tests" runstate="Runnable" seed="2026990368" result="Passed" start-time="2021-09-30 15:56:08Z" end-time="2021-09-30 15:56:08Z" duration="0.000102" asserts="1" />
            <test-case id="1177" name="Sum(-2,-2)" fullname="Open_Lab_01._02.Tests.Sum(-2,-2)" methodname="Sum" classname="Open_Lab_01._02.Tests" runstate="Runnable" seed="1974542115" result="Passed" start-time="2021-09-30 15:56:08Z" end-time="2021-09-30 15:56:08Z" duration="0.000074" asserts="1" />
            <test-case id="1178" name="Sum(-2,-1)" fullname="Open_Lab_01._02.Tests.Sum(-2,-1)" methodname="Sum" classname="Open_Lab_01._02.Tests" runstate="Runnable" seed="1257219650" result="Passed" start-time="2021-09-30 15:56:08Z" end-time="2021-09-30 15:56:08Z" duration="0.000090" asserts="1" />
            <test-case id="1179" name="Sum(-2,0)" fullname="Open_Lab_01._02.Tests.Sum(-2,0)" methodname="Sum" classname="Open_Lab_01._02.Tests" runstate="Runnable" seed="1571458805" result="Passed" start-time="2021-09-30 15:56:08Z" end-time="2021-09-30 15:56:08Z" duration="0.000075" asserts="1" />
            <test-case id="1180" name="Sum(-2,1)" fullname="Open_Lab_01._02.Tests.Sum(-2,1)" methodname="Sum" classname="Open_Lab_01._02.Tests" runstate="Runnable" seed="2014246276" result="Passed" start-time="2021-09-30 15:56:08Z" end-time="2021-09-30 15:56:08Z" duration="0.000070" asserts="1" />
            <test-case id="1181" name="Sum(-2,2)" fullname="Open_Lab_01._02.Tests.Sum(-2,2)" methodname="Sum" classname="Open_Lab_01._02.Tests" runstate="Runnable" seed="1218302484" result="Passed" start-time="2021-09-30 15:56:08Z" end-time="2021-09-30 15:56:08Z" duration="0.000098" asserts="1" />
            <test-case id="1182" name="Sum(-2,3)" fullname="Open_Lab_01._02.Tests.Sum(-2,3)" methodname="Sum" classname="Open_Lab_01._02.Tests" runstate="Runnable" seed="1804051738" result="Passed" start-time="2021-09-30 15:56:08Z" end-time="2021-09-30 15:56:08Z" duration="0.000075" asserts="1" />
            <test-case id="1183" name="Sum(-2,4)" fullname="Open_Lab_01._02.Tests.Sum(-2,4)" methodname="Sum" classname="Open_Lab_01._02.Tests" runstate="Runnable" seed="6985859" result="Passed" start-time="2021-09-30 15:56:08Z" end-time="2021-09-30 15:56:08Z" duration="0.000093" asserts="1" />
            <test-case id="1184" name="Sum(-2,5)" fullname="Open_Lab_01._02.Tests.Sum(-2,5)" methodname="Sum" classname="Open_Lab_01._02.Tests" runstate="Runnable" seed="1575518899" result="Passed" start-time="2021-09-30 15:56:08Z" end-time="2021-09-30 15:56:08Z" duration="0.000073" asserts="1" />
            <test-case id="1185" name="Sum(-2,6)" fullname="Open_Lab_01._02.Tests.Sum(-2,6)" methodname="Sum" classname="Open_Lab_01._02.Tests" runstate="Runnable" seed="228649231" result="Passed" start-time="2021-09-30 15:56:08Z" end-time="2021-09-30 15:56:08Z" duration="0.000069" asserts="1" />
            <test-case id="1186" name="Sum(-2,7)" fullname="Open_Lab_01._02.Tests.Sum(-2,7)" methodname="Sum" classname="Open_Lab_01._02.Tests" runstate="Runnable" seed="404802292" result="Passed" start-time="2021-09-30 15:56:08Z" end-time="2021-09-30 15:56:08Z" duration="0.000117" asserts="1" />
            <test-case id="1187" name="Sum(-2,8)" fullname="Open_Lab_01._02.Tests.Sum(-2,8)" methodname="Sum" classname="Open_Lab_01._02.Tests" runstate="Runnable" seed="1743609877" result="Passed" start-time="2021-09-30 15:56:08Z" end-time="2021-09-30 15:56:08Z" duration="0.000080" asserts="1" />
            <test-case id="1188" name="Sum(-2,9)" fullname="Open_Lab_01._02.Tests.Sum(-2,9)" methodname="Sum" classname="Open_Lab_01._02.Tests" runstate="Runnable" seed="20897299" result="Passed" start-time="2021-09-30 15:56:08Z" end-time="2021-09-30 15:56:08Z" duration="0.000201" asserts="1" />
            <test-case id="1189" name="Sum(-2,10)" fullname="Open_Lab_01._02.Tests.Sum(-2,10)" methodname="Sum" classname="Open_Lab_01._02.Tests" runstate="Runnable" seed="796015650" result="Passed" start-time="2021-09-30 15:56:08Z" end-time="2021-09-30 15:56:08Z" duration="0.000161" asserts="1" />
            <test-case id="1190" name="Sum(-1,-10)" fullname="Open_Lab_01._02.Tests.Sum(-1,-10)" methodname="Sum" classname="Open_Lab_01._02.Tests" runstate="Runnable" seed="1112737550" result="Passed" start-time="2021-09-30 15:56:08Z" end-time="2021-09-30 15:56:08Z" duration="0.000058" asserts="1" />
            <test-case id="1191" name="Sum(-1,-9)" fullname="Open_Lab_01._02.Tests.Sum(-1,-9)" methodname="Sum" classname="Open_Lab_01._02.Tests" runstate="Runnable" seed="235565845" result="Passed" start-time="2021-09-30 15:56:08Z" end-time="2021-09-30 15:56:08Z" duration="0.000084" asserts="1" />
            <test-case id="1192" name="Sum(-1,-8)" fullname="Open_Lab_01._02.Tests.Sum(-1,-8)" methodname="Sum" classname="Open_Lab_01._02.Tests" runstate="Runnable" seed="1440127358" result="Passed" start-time="2021-09-30 15:56:08Z" end-time="2021-09-30 15:56:08Z" duration="0.000055" asserts="1" />
            <test-case id="1193" name="Sum(-1,-7)" fullname="Open_Lab_01._02.Tests.Sum(-1,-7)" methodname="Sum" classname="Open_Lab_01._02.Tests" runstate="Runnable" seed="879281086" result="Passed" start-time="2021-09-30 15:56:08Z" end-time="2021-09-30 15:56:08Z" duration="0.000073" asserts="1" />
            <test-case id="1194" name="Sum(-1,-6)" fullname="Open_Lab_01._02.Tests.Sum(-1,-6)" methodname="Sum" classname="Open_Lab_01._02.Tests" runstate="Runnable" seed="2128129146" result="Passed" start-time="2021-09-30 15:56:08Z" end-time="2021-09-30 15:56:08Z" duration="0.000058" asserts="1" />
            <test-case id="1195" name="Sum(-1,-5)" fullname="Open_Lab_01._02.Tests.Sum(-1,-5)" methodname="Sum" classname="Open_Lab_01._02.Tests" runstate="Runnable" seed="1565105098" result="Passed" start-time="2021-09-30 15:56:08Z" end-time="2021-09-30 15:56:08Z" duration="0.000060" asserts="1" />
            <test-case id="1196" name="Sum(-1,-4)" fullname="Open_Lab_01._02.Tests.Sum(-1,-4)" methodname="Sum" classname="Open_Lab_01._02.Tests" runstate="Runnable" seed="1175532118" result="Passed" start-time="2021-09-30 15:56:08Z" end-time="2021-09-30 15:56:08Z" duration="0.000074" asserts="1" />
            <test-case id="1197" name="Sum(-1,-3)" fullname="Open_Lab_01._02.Tests.Sum(-1,-3)" methodname="Sum" classname="Open_Lab_01._02.Tests" runstate="Runnable" seed="1706589535" result="Passed" start-time="2021-09-30 15:56:08Z" end-time="2021-09-30 15:56:08Z" duration="0.000054" asserts="1" />
            <test-case id="1198" name="Sum(-1,-2)" fullname="Open_Lab_01._02.Tests.Sum(-1,-2)" methodname="Sum" classname="Open_Lab_01._02.Tests" runstate="Runnable" seed="90108333" result="Passed" start-time="2021-09-30 15:56:08Z" end-time="2021-09-30 15:56:08Z" duration="0.000076" asserts="1" />
            <test-case id="1199" name="Sum(-1,-1)" fullname="Open_Lab_01._02.Tests.Sum(-1,-1)" methodname="Sum" classname="Open_Lab_01._02.Tests" runstate="Runnable" seed="568857822" result="Passed" start-time="2021-09-30 15:56:08Z" end-time="2021-09-30 15:56:08Z" duration="0.000048" asserts="1" />
            <test-case id="1200" name="Sum(-1,0)" fullname="Open_Lab_01._02.Tests.Sum(-1,0)" methodname="Sum" classname="Open_Lab_01._02.Tests" runstate="Runnable" seed="111494154" result="Passed" start-time="2021-09-30 15:56:08Z" end-time="2021-09-30 15:56:08Z" duration="0.000044" asserts="1" />
            <test-case id="1201" name="Sum(-1,1)" fullname="Open_Lab_01._02.Tests.Sum(-1,1)" methodname="Sum" classname="Open_Lab_01._02.Tests" runstate="Runnable" seed="677938473" result="Passed" start-time="2021-09-30 15:56:08Z" end-time="2021-09-30 15:56:08Z" duration="0.000062" asserts="1" />
            <test-case id="1202" name="Sum(-1,2)" fullname="Open_Lab_01._02.Tests.Sum(-1,2)" methodname="Sum" classname="Open_Lab_01._02.Tests" runstate="Runnable" seed="222859889" result="Passed" start-time="2021-09-30 15:56:08Z" end-time="2021-09-30 15:56:08Z" duration="0.000051" asserts="1" />
            <test-case id="1203" name="Sum(-1,3)" fullname="Open_Lab_01._02.Tests.Sum(-1,3)" methodname="Sum" classname="Open_Lab_01._02.Tests" runstate="Runnable" seed="1529445002" result="Passed" start-time="2021-09-30 15:56:08Z" end-time="2021-09-30 15:56:08Z" duration="0.000072" asserts="1" />
            <test-case id="1204" name="Sum(-1,4)" fullname="Open_Lab_01._02.Tests.Sum(-1,4)" methodname="Sum" classname="Open_Lab_01._02.Tests" runstate="Runnable" seed="1658969458" result="Passed" start-time="2021-09-30 15:56:08Z" end-time="2021-09-30 15:56:08Z" duration="0.000046" asserts="1" />
            <test-case id="1205" name="Sum(-1,5)" fullname="Open_Lab_01._02.Tests.Sum(-1,5)" methodname="Sum" classname="Open_Lab_01._02.Tests" runstate="Runnable" seed="1291463685" result="Passed" start-time="2021-09-30 15:56:08Z" end-time="2021-09-30 15:56:08Z" duration="0.000046" asserts="1" />
            <test-case id="1206" name="Sum(-1,6)" fullname="Open_Lab_01._02.Tests.Sum(-1,6)" methodname="Sum" classname="Open_Lab_01._02.Tests" runstate="Runnable" seed="1880007322" result="Passed" start-time="2021-09-30 15:56:08Z" end-time="2021-09-30 15:56:08Z" duration="0.000069" asserts="1" />
            <test-case id="1207" name="Sum(-1,7)" fullname="Open_Lab_01._02.Tests.Sum(-1,7)" methodname="Sum" classname="Open_Lab_01._02.Tests" runstate="Runnable" seed="1841870389" result="Passed" start-time="2021-09-30 15:56:08Z" end-time="2021-09-30 15:56:08Z" duration="0.000053" asserts="1" />
            <test-case id="1208" name="Sum(-1,8)" fullname="Open_Lab_01._02.Tests.Sum(-1,8)" methodname="Sum" classname="Open_Lab_01._02.Tests" runstate="Runnable" seed="241546726" result="Passed" start-time="2021-09-30 15:56:08Z" end-time="2021-09-30 15:56:08Z" duration="0.000065" asserts="1" />
            <test-case id="1209" name="Sum(-1,9)" fullname="Open_Lab_01._02.Tests.Sum(-1,9)" methodname="Sum" classname="Open_Lab_01._02.Tests" runstate="Runnable" seed="1408974124" result="Passed" start-time="2021-09-30 15:56:08Z" end-time="2021-09-30 15:56:08Z" duration="0.000052" asserts="1" />
            <test-case id="1210" name="Sum(-1,10)" fullname="Open_Lab_01._02.Tests.Sum(-1,10)" methodname="Sum" classname="Open_Lab_01._02.Tests" runstate="Runnable" seed="1204449050" result="Passed" start-time="2021-09-30 15:56:08Z" end-time="2021-09-30 15:56:08Z" duration="0.000066" asserts="1" />
            <test-case id="1211" name="Sum(0,-10)" fullname="Open_Lab_01._02.Tests.Sum(0,-10)" methodname="Sum" classname="Open_Lab_01._02.Tests" runstate="Runnable" seed="536039151" result="Passed" start-time="2021-09-30 15:56:08Z" end-time="2021-09-30 15:56:08Z" duration="0.000050" asserts="1" />
            <test-case id="1212" name="Sum(0,-9)" fullname="Open_Lab_01._02.Tests.Sum(0,-9)" methodname="Sum" classname="Open_Lab_01._02.Tests" runstate="Runnable" seed="2003455889" result="Passed" start-time="2021-09-30 15:56:08Z" end-time="2021-09-30 15:56:08Z" duration="0.000056" asserts="1" />
            <test-case id="1213" name="Sum(0,-8)" fullname="Open_Lab_01._02.Tests.Sum(0,-8)" methodname="Sum" classname="Open_Lab_01._02.Tests" runstate="Runnable" seed="429877128" result="Passed" start-time="2021-09-30 15:56:08Z" end-time="2021-09-30 15:56:08Z" duration="0.000084" asserts="1" />
            <test-case id="1214" name="Sum(0,-7)" fullname="Open_Lab_01._02.Tests.Sum(0,-7)" methodname="Sum" classname="Open_Lab_01._02.Tests" runstate="Runnable" seed="171446760" result="Passed" start-time="2021-09-30 15:56:08Z" end-time="2021-09-30 15:56:08Z" duration="0.000047" asserts="1" />
            <test-case id="1215" name="Sum(0,-6)" fullname="Open_Lab_01._02.Tests.Sum(0,-6)" methodname="Sum" classname="Open_Lab_01._02.Tests" runstate="Runnable" seed="1579690281" result="Passed" start-time="2021-09-30 15:56:08Z" end-time="2021-09-30 15:56:08Z" duration="0.000047" asserts="1" />
            <test-case id="1216" name="Sum(0,-5)" fullname="Open_Lab_01._02.Tests.Sum(0,-5)" methodname="Sum" classname="Open_Lab_01._02.Tests" runstate="Runnable" seed="2094738021" result="Passed" start-time="2021-09-30 15:56:08Z" end-time="2021-09-30 15:56:08Z" duration="0.000044" asserts="1" />
            <test-case id="1217" name="Sum(0,-4)" fullname="Open_Lab_01._02.Tests.Sum(0,-4)" methodname="Sum" classname="Open_Lab_01._02.Tests" runstate="Runnable" seed="640344719" result="Passed" start-time="2021-09-30 15:56:08Z" end-time="2021-09-30 15:56:08Z" duration="0.000079" asserts="1" />
            <test-case id="1218" name="Sum(0,-3)" fullname="Open_Lab_01._02.Tests.Sum(0,-3)" methodname="Sum" classname="Open_Lab_01._02.Tests" runstate="Runnable" seed="212178965" result="Passed" start-time="2021-09-30 15:56:08Z" end-time="2021-09-30 15:56:08Z" duration="0.000063" asserts="1" />
            <test-case id="1219" name="Sum(0,-2)" fullname="Open_Lab_01._02.Tests.Sum(0,-2)" methodname="Sum" classname="Open_Lab_01._02.Tests" runstate="Runnable" seed="691195420" result="Passed" start-time="2021-09-30 15:56:08Z" end-time="2021-09-30 15:56:08Z" duration="0.000050" asserts="1" />
            <test-case id="1220" name="Sum(0,-1)" fullname="Open_Lab_01._02.Tests.Sum(0,-1)" methodname="Sum" classname="Open_Lab_01._02.Tests" runstate="Runnable" seed="1857803850" result="Passed" start-time="2021-09-30 15:56:08Z" end-time="2021-09-30 15:56:08Z" duration="0.000047" asserts="1" />
            <test-case id="1221" name="Sum(0,0)" fullname="Open_Lab_01._02.Tests.Sum(0,0)" methodname="Sum" classname="Open_Lab_01._02.Tests" runstate="Runnable" seed="594383811" result="Passed" start-time="2021-09-30 15:56:08Z" end-time="2021-09-30 15:56:08Z" duration="0.000053" asserts="1" />
            <test-case id="1222" name="Sum(0,1)" fullname="Open_Lab_01._02.Tests.Sum(0,1)" methodname="Sum" classname="Open_Lab_01._02.Tests" runstate="Runnable" seed="512026220" result="Passed" start-time="2021-09-30 15:56:08Z" end-time="2021-09-30 15:56:08Z" duration="0.000043" asserts="1" />
            <test-case id="1223" name="Sum(0,2)" fullname="Open_Lab_01._02.Tests.Sum(0,2)" methodname="Sum" classname="Open_Lab_01._02.Tests" runstate="Runnable" seed="61051759" result="Passed" start-time="2021-09-30 15:56:08Z" end-time="2021-09-30 15:56:08Z" duration="0.000067" asserts="1" />
            <test-case id="1224" name="Sum(0,3)" fullname="Open_Lab_01._02.Tests.Sum(0,3)" methodname="Sum" classname="Open_Lab_01._02.Tests" runstate="Runnable" seed="445108791" result="Passed" start-time="2021-09-30 15:56:08Z" end-time="2021-09-30 15:56:08Z" duration="0.000058" asserts="1" />
            <test-case id="1225" name="Sum(0,4)" fullname="Open_Lab_01._02.Tests.Sum(0,4)" methodname="Sum" classname="Open_Lab_01._02.Tests" runstate="Runnable" seed="167966296" result="Passed" start-time="2021-09-30 15:56:08Z" end-time="2021-09-30 15:56:08Z" duration="0.000046" asserts="1" />
            <test-case id="1226" name="Sum(0,5)" fullname="Open_Lab_01._02.Tests.Sum(0,5)" methodname="Sum" classname="Open_Lab_01._02.Tests" runstate="Runnable" seed="1875568783" result="Passed" start-time="2021-09-30 15:56:08Z" end-time="2021-09-30 15:56:08Z" duration="0.000045" asserts="1" />
            <test-case id="1227" name="Sum(0,6)" fullname="Open_Lab_01._02.Tests.Sum(0,6)" methodname="Sum" classname="Open_Lab_01._02.Tests" runstate="Runnable" seed="446217007" result="Passed" start-time="2021-09-30 15:56:08Z" end-time="2021-09-30 15:56:08Z" duration="0.000063" asserts="1" />
            <test-case id="1228" name="Sum(0,7)" fullname="Open_Lab_01._02.Tests.Sum(0,7)" methodname="Sum" classname="Open_Lab_01._02.Tests" runstate="Runnable" seed="35885511" result="Passed" start-time="2021-09-30 15:56:08Z" end-time="2021-09-30 15:56:08Z" duration="0.000045" asserts="1" />
            <test-case id="1229" name="Sum(0,8)" fullname="Open_Lab_01._02.Tests.Sum(0,8)" methodname="Sum" classname="Open_Lab_01._02.Tests" runstate="Runnable" seed="1157796659" result="Passed" start-time="2021-09-30 15:56:08Z" end-time="2021-09-30 15:56:08Z" duration="0.000061" asserts="1" />
            <test-case id="1230" name="Sum(0,9)" fullname="Open_Lab_01._02.Tests.Sum(0,9)" methodname="Sum" classname="Open_Lab_01._02.Tests" runstate="Runnable" seed="1367418772" result="Passed" start-time="2021-09-30 15:56:08Z" end-time="2021-09-30 15:56:08Z" duration="0.000045" asserts="1" />
            <test-case id="1231" name="Sum(0,10)" fullname="Open_Lab_01._02.Tests.Sum(0,10)" methodname="Sum" classname="Open_Lab_01._02.Tests" runstate="Runnable" seed="320400833" result="Passed" start-time="2021-09-30 15:56:08Z" end-time="2021-09-30 15:56:08Z" duration="0.000047" asserts="1" />
            <test-case id="1232" name="Sum(1,-10)" fullname="Open_Lab_01._02.Tests.Sum(1,-10)" methodname="Sum" classname="Open_Lab_01._02.Tests" runstate="Runnable" seed="1884433782" result="Passed" start-time="2021-09-30 15:56:08Z" end-time="2021-09-30 15:56:08Z" duration="0.000065" asserts="1" />
            <test-case id="1233" name="Sum(1,-9)" fullname="Open_Lab_01._02.Tests.Sum(1,-9)" methodname="Sum" classname="Open_Lab_01._02.Tests" runstate="Runnable" seed="688361828" result="Passed" start-time="2021-09-30 15:56:08Z" end-time="2021-09-30 15:56:08Z" duration="0.000049" asserts="1" />
            <test-case id="1234" name="Sum(1,-8)" fullname="Open_Lab_01._02.Tests.Sum(1,-8)" methodname="Sum" classname="Open_Lab_01._02.Tests" runstate="Runnable" seed="1459964651" result="Passed" start-time="2021-09-30 15:56:08Z" end-time="2021-09-30 15:56:08Z" duration="0.000063" asserts="1" />
            <test-case id="1235" name="Sum(1,-7)" fullname="Open_Lab_01._02.Tests.Sum(1,-7)" methodname="Sum" classname="Open_Lab_01._02.Tests" runstate="Runnable" seed="1336307803" result="Passed" start-time="2021-09-30 15:56:08Z" end-time="2021-09-30 15:56:08Z" duration="0.000168" asserts="1" />
            <test-case id="1236" name="Sum(1,-6)" fullname="Open_Lab_01._02.Tests.Sum(1,-6)" methodname="Sum" classname="Open_Lab_01._02.Tests" runstate="Runnable" seed="995442595" result="Passed" start-time="2021-09-30 15:56:08Z" end-time="2021-09-30 15:56:08Z" duration="0.000069" asserts="1" />
            <test-case id="1237" name="Sum(1,-5)" fullname="Open_Lab_01._02.Tests.Sum(1,-5)" methodname="Sum" classname="Open_Lab_01._02.Tests" runstate="Runnable" seed="274606736" result="Passed" start-time="2021-09-30 15:56:08Z" end-time="2021-09-30 15:56:08Z" duration="0.000065" asserts="1" />
            <test-case id="1238" name="Sum(1,-4)" fullname="Open_Lab_01._02.Tests.Sum(1,-4)" methodname="Sum" classname="Open_Lab_01._02.Tests" runstate="Runnable" seed="495500048" result="Passed" start-time="2021-09-30 15:56:08Z" end-time="2021-09-30 15:56:08Z" duration="0.000060" asserts="1" />
            <test-case id="1239" name="Sum(1,-3)" fullname="Open_Lab_01._02.Tests.Sum(1,-3)" methodname="Sum" classname="Open_Lab_01._02.Tests" runstate="Runnable" seed="284055214" result="Passed" start-time="2021-09-30 15:56:08Z" end-time="2021-09-30 15:56:08Z" duration="0.000077" asserts="1" />
            <test-case id="1240" name="Sum(1,-2)" fullname="Open_Lab_01._02.Tests.Sum(1,-2)" methodname="Sum" classname="Open_Lab_01._02.Tests" runstate="Runnable" seed="496125556" result="Passed" start-time="2021-09-30 15:56:08Z" end-time="2021-09-30 15:56:08Z" duration="0.000064" asserts="1" />
            <test-case id="1241" name="Sum(1,-1)" fullname="Open_Lab_01._02.Tests.Sum(1,-1)" methodname="Sum" classname="Open_Lab_01._02.Tests" runstate="Runnable" seed="710415550" result="Passed" start-time="2021-09-30 15:56:08Z" end-time="2021-09-30 15:56:08Z" duration="0.000060" asserts="1" />
            <test-case id="1242" name="Sum(1,0)" fullname="Open_Lab_01._02.Tests.Sum(1,0)" methodname="Sum" classname="Open_Lab_01._02.Tests" runstate="Runnable" seed="1502063151" result="Passed" start-time="2021-09-30 15:56:08Z" end-time="2021-09-30 15:56:08Z" duration="0.000123" asserts="1" />
            <test-case id="1243" name="Sum(1,1)" fullname="Open_Lab_01._02.Tests.Sum(1,1)" methodname="Sum" classname="Open_Lab_01._02.Tests" runstate="Runnable" seed="759406822" result="Passed" start-time="2021-09-30 15:56:08Z" end-time="2021-09-30 15:56:08Z" duration="0.000061" asserts="1" />
            <test-case id="1244" name="Sum(1,2)" fullname="Open_Lab_01._02.Tests.Sum(1,2)" methodname="Sum" classname="Open_Lab_01._02.Tests" runstate="Runnable" seed="1739050247" result="Passed" start-time="2021-09-30 15:56:08Z" end-time="2021-09-30 15:56:08Z" duration="0.000095" asserts="1" />
            <test-case id="1245" name="Sum(1,3)" fullname="Open_Lab_01._02.Tests.Sum(1,3)" methodname="Sum" classname="Open_Lab_01._02.Tests" runstate="Runnable" seed="576698399" result="Passed" start-time="2021-09-30 15:56:08Z" end-time="2021-09-30 15:56:08Z" duration="0.000064" asserts="1" />
            <test-case id="1246" name="Sum(1,4)" fullname="Open_Lab_01._02.Tests.Sum(1,4)" methodname="Sum" classname="Open_Lab_01._02.Tests" runstate="Runnable" seed="379593603" result="Passed" start-time="2021-09-30 15:56:08Z" end-time="2021-09-30 15:56:08Z" duration="0.000059" asserts="1" />
            <test-case id="1247" name="Sum(1,5)" fullname="Open_Lab_01._02.Tests.Sum(1,5)" methodname="Sum" classname="Open_Lab_01._02.Tests" runstate="Runnable" seed="1010250230" result="Passed" start-time="2021-09-30 15:56:08Z" end-time="2021-09-30 15:56:08Z" duration="0.000063" asserts="1" />
            <test-case id="1248" name="Sum(1,6)" fullname="Open_Lab_01._02.Tests.Sum(1,6)" methodname="Sum" classname="Open_Lab_01._02.Tests" runstate="Runnable" seed="707834326" result="Passed" start-time="2021-09-30 15:56:08Z" end-time="2021-09-30 15:56:08Z" duration="0.000051" asserts="1" />
            <test-case id="1249" name="Sum(1,7)" fullname="Open_Lab_01._02.Tests.Sum(1,7)" methodname="Sum" classname="Open_Lab_01._02.Tests" runstate="Runnable" seed="548438865" result="Passed" start-time="2021-09-30 15:56:08Z" end-time="2021-09-30 15:56:08Z" duration="0.000066" asserts="1" />
            <test-case id="1250" name="Sum(1,8)" fullname="Open_Lab_01._02.Tests.Sum(1,8)" methodname="Sum" classname="Open_Lab_01._02.Tests" runstate="Runnable" seed="1617850724" result="Passed" start-time="2021-09-30 15:56:08Z" end-time="2021-09-30 15:56:08Z" duration="0.000050" asserts="1" />
            <test-case id="1251" name="Sum(1,9)" fullname="Open_Lab_01._02.Tests.Sum(1,9)" methodname="Sum" classname="Open_Lab_01._02.Tests" runstate="Runnable" seed="535187399" result="Passed" start-time="2021-09-30 15:56:08Z" end-time="2021-09-30 15:56:08Z" duration="0.000233" asserts="1" />
            <test-case id="1252" name="Sum(1,10)" fullname="Open_Lab_01._02.Tests.Sum(1,10)" methodname="Sum" classname="Open_Lab_01._02.Tests" runstate="Runnable" seed="1494410570" result="Passed" start-time="2021-09-30 15:56:08Z" end-time="2021-09-30 15:56:08Z" duration="0.000126" asserts="1" />
            <test-case id="1253" name="Sum(2,-10)" fullname="Open_Lab_01._02.Tests.Sum(2,-10)" methodname="Sum" classname="Open_Lab_01._02.Tests" runstate="Runnable" seed="1546396560" result="Passed" start-time="2021-09-30 15:56:08Z" end-time="2021-09-30 15:56:08Z" duration="0.000073" asserts="1" />
            <test-case id="1254" name="Sum(2,-9)" fullname="Open_Lab_01._02.Tests.Sum(2,-9)" methodname="Sum" classname="Open_Lab_01._02.Tests" runstate="Runnable" seed="858537619" result="Passed" start-time="2021-09-30 15:56:08Z" end-time="2021-09-30 15:56:08Z" duration="0.000087" asserts="1" />
            <test-case id="1255" name="Sum(2,-8)" fullname="Open_Lab_01._02.Tests.Sum(2,-8)" methodname="Sum" classname="Open_Lab_01._02.Tests" runstate="Runnable" seed="1664593990" result="Passed" start-time="2021-09-30 15:56:08Z" end-time="2021-09-30 15:56:08Z" duration="0.000060" asserts="1" />
            <test-case id="1256" name="Sum(2,-7)" fullname="Open_Lab_01._02.Tests.Sum(2,-7)" methodname="Sum" classname="Open_Lab_01._02.Tests" runstate="Runnable" seed="165912253" result="Passed" start-time="2021-09-30 15:56:08Z" end-time="2021-09-30 15:56:08Z" duration="0.000055" asserts="1" />
[...]
            <test-case id="1376" name="Sum(7,8)" fullname="Open_Lab_01._02.Tests.Sum(7,8)" methodname="Sum" classname="Open_Lab_01._02.Tests" runstate="Runnable" seed="1474341268" result="Passed" start-time="2021-09-30 15:56:08Z" end-time="2021-09-30 15:56:08Z" duration="0.000084" asserts="1" />
            <test-case id="1377" name="Sum(7,9)" fullname="Open_Lab_01._02.Tests.Sum(7,9)" methodname="Sum" classname="Open_Lab_01._02.Tests" runstate="Runnable" seed="1366594962" result="Passed" start-time="2021-09-30 15:56:08Z" end-time="2021-09-30 15:56:08Z" duration="0.000058" asserts="1" />
            <test-case id="1378" name="Sum(7,10)" fullname="Open_Lab_01._02.Tests.Sum(7,10)" methodname="Sum" classname="Open_Lab_01._02.Tests" runstate="Runnable" seed="1951444485" result="Passed" start-time="2021-09-30 15:56:08Z" end-time="2021-09-30 15:56:08Z" duration="0.000078" asserts="1" />
            <test-case id="1379" name="Sum(8,-10)" fullname="Open_Lab_01._02.Tests.Sum(8,-10)" methodname="Sum" classname="Open_Lab_01._02.Tests" runstate="Runnable" seed="1202608006" result="Passed" start-time="2021-09-30 15:56:08Z" end-time="2021-09-30 15:56:08Z" duration="0.000063" asserts="1" />
            <test-case id="1380" name="Sum(8,-9)" fullname="Open_Lab_01._02.Tests.Sum(8,-9)" methodname="Sum" classname="Open_Lab_01._02.Tests" runstate="Runnable" seed="756785374" result="Passed" start-time="2021-09-30 15:56:08Z" end-time="2021-09-30 15:56:08Z" duration="0.000057" asserts="1" />
            <test-case id="1381" name="Sum(8,-8)" fullname="Open_Lab_01._02.Tests.Sum(8,-8)" methodname="Sum" classname="Open_Lab_01._02.Tests" runstate="Runnable" seed="360548760" result="Passed" start-time="2021-09-30 15:56:08Z" end-time="2021-09-30 15:56:08Z" duration="0.000082" asserts="1" />
            <test-case id="1382" name="Sum(8,-7)" fullname="Open_Lab_01._02.Tests.Sum(8,-7)" methodname="Sum" classname="Open_Lab_01._02.Tests" runstate="Runnable" seed="1690997721" result="Passed" start-time="2021-09-30 15:56:08Z" end-time="2021-09-30 15:56:08Z" duration="0.000059" asserts="1" />
            <test-case id="1383" name="Sum(8,-6)" fullname="Open_Lab_01._02.Tests.Sum(8,-6)" methodname="Sum" classname="Open_Lab_01._02.Tests" runstate="Runnable" seed="1037346770" result="Passed" start-time="2021-09-30 15:56:08Z" end-time="2021-09-30 15:56:08Z" duration="0.000108" asserts="1" />
            <test-case id="1384" name="Sum(8,-5)" fullname="Open_Lab_01._02.Tests.Sum(8,-5)" methodname="Sum" classname="Open_Lab_01._02.Tests" runstate="Runnable" seed="1618323369" result="Passed" start-time="2021-09-30 15:56:08Z" end-time="2021-09-30 15:56:08Z" duration="0.000066" asserts="1" />
            <test-case id="1385" name="Sum(8,-4)" fullname="Open_Lab_01._02.Tests.Sum(8,-4)" methodname="Sum" classname="Open_Lab_01._02.Tests" runstate="Runnable" seed="1362097894" result="Passed" start-time="2021-09-30 15:56:08Z" end-time="2021-09-30 15:56:08Z" duration="0.000059" asserts="1" />
            <test-case id="1386" name="Sum(8,-3)" fullname="Open_Lab_01._02.Tests.Sum(8,-3)" methodname="Sum" classname="Open_Lab_01._02.Tests" runstate="Runnable" seed="241949565" result="Passed" start-time="2021-09-30 15:56:08Z" end-time="2021-09-30 15:56:08Z" duration="0.000082" asserts="1" />
            <test-case id="1387" name="Sum(8,-2)" fullname="Open_Lab_01._02.Tests.Sum(8,-2)" methodname="Sum" classname="Open_Lab_01._02.Tests" runstate="Runnable" seed="1821207731" result="Passed" start-time="2021-09-30 15:56:08Z" end-time="2021-09-30 15:56:08Z" duration="0.000057" asserts="1" />
            <test-case id="1388" name="Sum(8,-1)" fullname="Open_Lab_01._02.Tests.Sum(8,-1)" methodname="Sum" classname="Open_Lab_01._02.Tests" runstate="Runnable" seed="817539053" result="Passed" start-time="2021-09-30 15:56:08Z" end-time="2021-09-30 15:56:08Z" duration="0.000079" asserts="1" />
            <test-case id="1389" name="Sum(8,0)" fullname="Open_Lab_01._02.Tests.Sum(8,0)" methodname="Sum" classname="Open_Lab_01._02.Tests" runstate="Runnable" seed="774243420" result="Passed" start-time="2021-09-30 15:56:08Z" end-time="2021-09-30 15:56:08Z" duration="0.000062" asserts="1" />
            <test-case id="1390" name="Sum(8,1)" fullname="Open_Lab_01._02.Tests.Sum(8,1)" methodname="Sum" classname="Open_Lab_01._02.Tests" runstate="Runnable" seed="997159814" result="Passed" start-time="2021-09-30 15:56:08Z" end-time="2021-09-30 15:56:08Z" duration="0.000059" asserts="1" />
            <test-case id="1391" name="Sum(8,2)" fullname="Open_Lab_01._02.Tests.Sum(8,2)" methodname="Sum" classname="Open_Lab_01._02.Tests" runstate="Runnable" seed="254152157" result="Passed" start-time="2021-09-30 15:56:08Z" end-time="2021-09-30 15:56:08Z" duration="0.000064" asserts="1" />
            <test-case id="1392" name="Sum(8,3)" fullname="Open_Lab_01._02.Tests.Sum(8,3)" methodname="Sum" classname="Open_Lab_01._02.Tests" runstate="Runnable" seed="100186291" result="Passed" start-time="2021-09-30 15:56:08Z" end-time="2021-09-30 15:56:08Z" duration="0.000163" asserts="1" />
            <test-case id="1393" name="Sum(8,4)" fullname="Open_Lab_01._02.Tests.Sum(8,4)" methodname="Sum" classname="Open_Lab_01._02.Tests" runstate="Runnable" seed="1457161156" result="Passed" start-time="2021-09-30 15:56:08Z" end-time="2021-09-30 15:56:08Z" duration="0.000135" asserts="1" />
            <test-case id="1394" name="Sum(8,5)" fullname="Open_Lab_01._02.Tests.Sum(8,5)" methodname="Sum" classname="Open_Lab_01._02.Tests" runstate="Runnable" seed="426884170" result="Passed" start-time="2021-09-30 15:56:08Z" end-time="2021-09-30 15:56:08Z" duration="0.000067" asserts="1" />
            <test-case id="1395" name="Sum(8,6)" fullname="Open_Lab_01._02.Tests.Sum(8,6)" methodname="Sum" classname="Open_Lab_01._02.Tests" runstate="Runnable" seed="1191893702" result="Passed" start-time="2021-09-30 15:56:08Z" end-time="2021-09-30 15:56:08Z" duration="0.000055" asserts="1" />
            <test-case id="1396" name="Sum(8,7)" fullname="Open_Lab_01._02.Tests.Sum(8,7)" methodname="Sum" classname="Open_Lab_01._02.Tests" runstate="Runnable" seed="1195831005" result="Passed" start-time="2021-09-30 15:56:08Z" end-time="2021-09-30 15:56:08Z" duration="0.000053" asserts="1" />
            <test-case id="1397" name="Sum(8,8)" fullname="Open_Lab_01._02.Tests.Sum(8,8)" methodname="Sum" classname="Open_Lab_01._02.Tests" runstate="Runnable" seed="915602100" result="Passed" start-time="2021-09-30 15:56:08Z" end-time="2021-09-30 15:56:08Z" duration="0.000051" asserts="1" />
            <test-case id="1398" name="Sum(8,9)" fullname="Open_Lab_01._02.Tests.Sum(8,9)" methodname="Sum" classname="Open_Lab_01._02.Tests" runstate="Runnable" seed="502999552" result="Passed" start-time="2021-09-30 15:56:08Z" end-time="2021-09-30 15:56:08Z" duration="0.000065" asserts="1" />
            <test-case id="1399" name="Sum(8,10)" fullname="Open_Lab_01._02.Tests.Sum(8,10)" methodname="Sum" classname="Open_Lab_01._02.Tests" runstate="Runnable" seed="2062249812" result="Passed" start-time="2021-09-30 15:56:08Z" end-time="2021-09-30 15:56:08Z" duration="0.000054" asserts="1" />
            <test-case id="1400" name="Sum(9,-10)" fullname="Open_Lab_01._02.Tests.Sum(9,-10)" methodname="Sum" classname="Open_Lab_01._02.Tests" runstate="Runnable" seed="1526061415" result="Passed" start-time="2021-09-30 15:56:08Z" end-time="2021-09-30 15:56:08Z" duration="0.000049" asserts="1" />
            <test-case id="1401" name="Sum(9,-9)" fullname="Open_Lab_01._02.Tests.Sum(9,-9)" methodname="Sum" classname="Open_Lab_01._02.Tests" runstate="Runnable" seed="1063471652" result="Passed" start-time="2021-09-30 15:56:08Z" end-time="2021-09-30 15:56:08Z" duration="0.000049" asserts="1" />
            <test-case id="1402" name="Sum(9,-8)" fullname="Open_Lab_01._02.Tests.Sum(9,-8)" methodname="Sum" classname="Open_Lab_01._02.Tests" runstate="Runnable" seed="1144187190" result="Passed" start-time="2021-09-30 15:56:08Z" end-time="2021-09-30 15:56:08Z" duration="0.000049" asserts="1" />
            <test-case id="1403" name="Sum(9,-7)" fullname="Open_Lab_01._02.Tests.Sum(9,-7)" methodname="Sum" classname="Open_Lab_01._02.Tests" runstate="Runnable" seed="618076393" result="Passed" start-time="2021-09-30 15:56:08Z" end-time="2021-09-30 15:56:08Z" duration="0.000078" asserts="1" />
            <test-case id="1404" name="Sum(9,-6)" fullname="Open_Lab_01._02.Tests.Sum(9,-6)" methodname="Sum" classname="Open_Lab_01._02.Tests" runstate="Runnable" seed="444504767" result="Passed" start-time="2021-09-30 15:56:08Z" end-time="2021-09-30 15:56:08Z" duration="0.000054" asserts="1" />
            <test-case id="1405" name="Sum(9,-5)" fullname="Open_Lab_01._02.Tests.Sum(9,-5)" methodname="Sum" classname="Open_Lab_01._02.Tests" runstate="Runnable" seed="2127141873" result="Passed" start-time="2021-09-30 15:56:08Z" end-time="2021-09-30 15:56:08Z" duration="0.000054" asserts="1" />
            <test-case id="1406" name="Sum(9,-4)" fullname="Open_Lab_01._02.Tests.Sum(9,-4)" methodname="Sum" classname="Open_Lab_01._02.Tests" runstate="Runnable" seed="233060616" result="Passed" start-time="2021-09-30 15:56:08Z" end-time="2021-09-30 15:56:08Z" duration="0.000055" asserts="1" />
            <test-case id="1407" name="Sum(9,-3)" fullname="Open_Lab_01._02.Tests.Sum(9,-3)" methodname="Sum" classname="Open_Lab_01._02.Tests" runstate="Runnable" seed="925447669" result="Passed" start-time="2021-09-30 15:56:08Z" end-time="2021-09-30 15:56:08Z" duration="0.000052" asserts="1" />
            <test-case id="1408" name="Sum(9,-2)" fullname="Open_Lab_01._02.Tests.Sum(9,-2)" methodname="Sum" classname="Open_Lab_01._02.Tests" runstate="Runnable" seed="593608510" result="Passed" start-time="2021-09-30 15:56:08Z" end-time="2021-09-30 15:56:08Z" duration="0.000063" asserts="1" />
            <test-case id="1409" name="Sum(9,-1)" fullname="Open_Lab_01._02.Tests.Sum(9,-1)" methodname="Sum" classname="Open_Lab_01._02.Tests" runstate="Runnable" seed="441040507" result="Passed" start-time="2021-09-30 15:56:08Z" end-time="2021-09-30 15:56:08Z" duration="0.000049" asserts="1" />
            <test-case id="1410" name="Sum(9,0)" fullname="Open_Lab_01._02.Tests.Sum(9,0)" methodname="Sum" classname="Open_Lab_01._02.Tests" runstate="Runnable" seed="2137183615" result="Passed" start-time="2021-09-30 15:56:08Z" end-time="2021-09-30 15:56:08Z" duration="0.000048" asserts="1" />
            <test-case id="1411" name="Sum(9,1)" fullname="Open_Lab_01._02.Tests.Sum(9,1)" methodname="Sum" classname="Open_Lab_01._02.Tests" runstate="Runnable" seed="507602022" result="Passed" start-time="2021-09-30 15:56:08Z" end-time="2021-09-30 15:56:08Z" duration="0.000046" asserts="1" />
            <test-case id="1412" name="Sum(9,2)" fullname="Open_Lab_01._02.Tests.Sum(9,2)" methodname="Sum" classname="Open_Lab_01._02.Tests" runstate="Runnable" seed="914351452" result="Passed" start-time="2021-09-30 15:56:08Z" end-time="2021-09-30 15:56:08Z" duration="0.000050" asserts="1" />
            <test-case id="1413" name="Sum(9,3)" fullname="Open_Lab_01._02.Tests.Sum(9,3)" methodname="Sum" classname="Open_Lab_01._02.Tests" runstate="Runnable" seed="857860309" result="Passed" start-time="2021-09-30 15:56:08Z" end-time="2021-09-30 15:56:08Z" duration="0.000060" asserts="1" />
            <test-case id="1414" name="Sum(9,4)" fullname="Open_Lab_01._02.Tests.Sum(9,4)" methodname="Sum" classname="Open_Lab_01._02.Tests" runstate="Runnable" seed="1604276231" result="Passed" start-time="2021-09-30 15:56:08Z" end-time="2021-09-30 15:56:08Z" duration="0.000047" asserts="1" />
            <test-case id="1415" name="Sum(9,5)" fullname="Open_Lab_01._02.Tests.Sum(9,5)" methodname="Sum" classname="Open_Lab_01._02.Tests" runstate="Runnable" seed="1102277213" result="Passed" start-time="2021-09-30 15:56:08Z" end-time="2021-09-30 15:56:08Z" duration="0.000046" asserts="1" />
            <test-case id="1416" name="Sum(9,6)" fullname="Open_Lab_01._02.Tests.Sum(9,6)" methodname="Sum" classname="Open_Lab_01._02.Tests" runstate="Runnable" seed="1853964516" result="Passed" start-time="2021-09-30 15:56:08Z" end-time="2021-09-30 15:56:08Z" duration="0.000048" asserts="1" />
            <test-case id="1417" name="Sum(9,7)" fullname="Open_Lab_01._02.Tests.Sum(9,7)" methodname="Sum" classname="Open_Lab_01._02.Tests" runstate="Runnable" seed="1468976610" result="Passed" start-time="2021-09-30 15:56:08Z" end-time="2021-09-30 15:56:08Z" duration="0.000049" asserts="1" />
            <test-case id="1418" name="Sum(9,8)" fullname="Open_Lab_01._02.Tests.Sum(9,8)" methodname="Sum" classname="Open_Lab_01._02.Tests" runstate="Runnable" seed="747752351" result="Passed" start-time="2021-09-30 15:56:08Z" end-time="2021-09-30 15:56:08Z" duration="0.000165" asserts="1" />
            <test-case id="1419" name="Sum(9,9)" fullname="Open_Lab_01._02.Tests.Sum(9,9)" methodname="Sum" classname="Open_Lab_01._02.Tests" runstate="Runnable" seed="401061091" result="Passed" start-time="2021-09-30 15:56:08Z" end-time="2021-09-30 15:56:08Z" duration="0.000051" asserts="1" />
            <test-case id="1420" name="Sum(9,10)" fullname="Open_Lab_01._02.Tests.Sum(9,10)" methodname="Sum" classname="Open_Lab_01._02.Tests" runstate="Runnable" seed="1361348895" result="Passed" start-time="2021-09-30 15:56:08Z" end-time="2021-09-30 15:56:08Z" duration="0.000054" asserts="1" />
            <test-case id="1421" name="Sum(10,-10)" fullname="Open_Lab_01._02.Tests.Sum(10,-10)" methodname="Sum" classname="Open_Lab_01._02.Tests" runstate="Runnable" seed="1704800843" result="Passed" start-time="2021-09-30 15:56:08Z" end-time="2021-09-30 15:56:08Z" duration="0.000050" asserts="1" />
            <test-case id="1422" name="Sum(10,-9)" fullname="Open_Lab_01._02.Tests.Sum(10,-9)" methodname="Sum" classname="Open_Lab_01._02.Tests" runstate="Runnable" seed="1407784436" result="Passed" start-time="2021-09-30 15:56:08Z" end-time="2021-09-30 15:56:08Z" duration="0.000052" asserts="1" />
            <test-case id="1423" name="Sum(10,-8)" fullname="Open_Lab_01._02.Tests.Sum(10,-8)" methodname="Sum" classname="Open_Lab_01._02.Tests" runstate="Runnable" seed="350881390" result="Passed" start-time="2021-09-30 15:56:08Z" end-time="2021-09-30 15:56:08Z" duration="0.000080" asserts="1" />
            <test-case id="1424" name="Sum(10,-7)" fullname="Open_Lab_01._02.Tests.Sum(10,-7)" methodname="Sum" classname="Open_Lab_01._02.Tests" runstate="Runnable" seed="2129081151" result="Passed" start-time="2021-09-30 15:56:08Z" end-time="2021-09-30 15:56:08Z" duration="0.000054" asserts="1" />
            <test-case id="1425" name="Sum(10,-6)" fullname="Open_Lab_01._02.Tests.Sum(10,-6)" methodname="Sum" classname="Open_Lab_01._02.Tests" runstate="Runnable" seed="1618927039" result="Passed" start-time="2021-09-30 15:56:08Z" end-time="2021-09-30 15:56:08Z" duration="0.000068" asserts="1" />
            <test-case id="1426" name="Sum(10,-5)" fullname="Open_Lab_01._02.Tests.Sum(10,-5)" methodname="Sum" classname="Open_Lab_01._02.Tests" runstate="Runnable" seed="1582050384" result="Passed" start-time="2021-09-30 15:56:08Z" end-time="2021-09-30 15:56:08Z" duration="0.000056" asserts="1" />
            <test-case id="1427" name="Sum(10,-4)" fullname="Open_Lab_01._02.Tests.Sum(10,-4)" methodname="Sum" classname="Open_Lab_01._02.Tests" runstate="Runnable" seed="1338121609" result="Passed" start-time="2021-09-30 15:56:08Z" end-time="2021-09-30 15:56:08Z" duration="0.000053" asserts="1" />
            <test-case id="1428" name="Sum(10,-3)" fullname="Open_Lab_01._02.Tests.Sum(10,-3)" methodname="Sum" classname="Open_Lab_01._02.Tests" runstate="Runnable" seed="1522177113" result="Passed" start-time="2021-09-30 15:56:08Z" end-time="2021-09-30 15:56:08Z" duration="0.000071" asserts="1" />
            <test-case id="1429" name="Sum(10,-2)" fullname="Open_Lab_01._02.Tests.Sum(10,-2)" methodname="Sum" classname="Open_Lab_01._02.Tests" runstate="Runnable" seed="1870508926" result="Passed" start-time="2021-09-30 15:56:08Z" end-time="2021-09-30 15:56:08Z" duration="0.000051" asserts="1" />
            <test-case id="1430" name="Sum(10,-1)" fullname="Open_Lab_01._02.Tests.Sum(10,-1)" methodname="Sum" classname="Open_Lab_01._02.Tests" runstate="Runnable" seed="1455039858" result="Passed" start-time="2021-09-30 15:56:08Z" end-time="2021-09-30 15:56:08Z" duration="0.000069" asserts="1" />
            <test-case id="1431" name="Sum(10,0)" fullname="Open_Lab_01._02.Tests.Sum(10,0)" methodname="Sum" classname="Open_Lab_01._02.Tests" runstate="Runnable" seed="558739168" result="Passed" start-time="2021-09-30 15:56:08Z" end-time="2021-09-30 15:56:08Z" duration="0.000053" asserts="1" />
            <test-case id="1432" name="Sum(10,1)" fullname="Open_Lab_01._02.Tests.Sum(10,1)" methodname="Sum" classname="Open_Lab_01._02.Tests" runstate="Runnable" seed="863595410" result="Passed" start-time="2021-09-30 15:56:08Z" end-time="2021-09-30 15:56:08Z" duration="0.000051" asserts="1" />
            <test-case id="1433" name="Sum(10,2)" fullname="Open_Lab_01._02.Tests.Sum(10,2)" methodname="Sum" classname="Open_Lab_01._02.Tests" runstate="Runnable" seed="2036678320" result="Passed" start-time="2021-09-30 15:56:08Z" end-time="2021-09-30 15:56:08Z" duration="0.000065" asserts="1" />
            <test-case id="1434" name="Sum(10,3)" fullname="Open_Lab_01._02.Tests.Sum(10,3)" methodname="Sum" classname="Open_Lab_01._02.Tests" runstate="Runnable" seed="1824030238" result="Passed" start-time="2021-09-30 15:56:08Z" end-time="2021-09-30 15:56:08Z" duration="0.000049" asserts="1" />
            <test-case id="1435" name="Sum(10,4)" fullname="Open_Lab_01._02.Tests.Sum(10,4)" methodname="Sum" classname="Open_Lab_01._02.Tests" runstate="Runnable" seed="1840797369" result="Passed" start-time="2021-09-30 15:56:08Z" end-time="2021-09-30 15:56:08Z" duration="0.000061" asserts="1" />
            <test-case id="1436" name="Sum(10,5)" fullname="Open_Lab_01._02.Tests.Sum(10,5)" methodname="Sum" classname="Open_Lab_01._02.Tests" runstate="Runnable" seed="1363845217" result="Passed" start-time="2021-09-30 15:56:08Z" end-time="2021-09-30 15:56:08Z" duration="0.000047" asserts="1" />
            <test-case id="1437" name="Sum(10,6)" fullname="Open_Lab_01._02.Tests.Sum(10,6)" methodname="Sum" classname="Open_Lab_01._02.Tests" runstate="Runnable" seed="1072921328" result="Passed" start-time="2021-09-30 15:56:08Z" end-time="2021-09-30 15:56:08Z" duration="0.000048" asserts="1" />
            <test-case id="1438" name="Sum(10,7)" fullname="Open_Lab_01._02.Tests.Sum(10,7)" methodname="Sum" classname="Open_Lab_01._02.Tests" runstate="Runnable" seed="592842003" result="Passed" start-time="2021-09-30 15:56:08Z" end-time="2021-09-30 15:56:08Z" duration="0.000067" asserts="1" />
            <test-case id="1439" name="Sum(10,8)" fullname="Open_Lab_01._02.Tests.Sum(10,8)" methodname="Sum" classname="Open_Lab_01._02.Tests" runstate="Runnable" seed="1638665143" result="Passed" start-time="2021-09-30 15:56:08Z" end-time="2021-09-30 15:56:08Z" duration="0.000049" asserts="1" />
            <test-case id="1440" name="Sum(10,9)" fullname="Open_Lab_01._02.Tests.Sum(10,9)" methodname="Sum" classname="Open_Lab_01._02.Tests" runstate="Runnable" seed="1129037278" result="Passed" start-time="2021-09-30 15:56:08Z" end-time="2021-09-30 15:56:08Z" duration="0.000072" asserts="1" />
            <test-case id="1441" name="Sum(10,10)" fullname="Open_Lab_01._02.Tests.Sum(10,10)" methodname="Sum" classname="Open_Lab_01._02.Tests" runstate="Runnable" seed="1463985543" result="Passed" start-time="2021-09-30 15:56:08Z" end-time="2021-09-30 15:56:08Z" duration="0.000047" asserts="1" />
          </test-suite>
        </test-suite>
      </test-suite>
    </test-suite>
  </test-suite>
</test-run>